{"level":"http","message":"GET /api/jobs/all 200 1141 21.752 ms","timestamp":"2026-04-16T02:54:37.171Z"}
{"level":"http","message":"GET / 404 139 56.154 ms","timestamp":"2026-04-16T05:59:26.006Z"}
{"level":"http","message":"GET /api/profile/me 200 485 152.055 ms","timestamp":"2026-04-16T05:59:49.620Z"}
{"level":"http","message":"GET / 200 11 2.974 ms","timestamp":"2026-04-16T06:03:01.401Z"}
{"level":"http","message":"GET /favicon.ico 200 11 1.043 ms","timestamp":"2026-04-16T06:03:01.540Z"}
{"level":"http","message":"GET /api/jobs 200 11 65.953 ms","timestamp":"2026-05-28T14:16:33.211Z"}
{"level":"http","message":"GET /api/jobs 200 11 1.965 ms","timestamp":"2026-05-28T14:16:33.227Z"}
{"level":"http","message":"GET /api/jobs 200 11 0.645 ms","timestamp":"2026-05-28T14:16:39.863Z"}
{"level":"http","message":"GET /api/jobs 200 11 6.710 ms","timestamp":"2026-05-28T14:19:15.393Z"}
{"level":"http","message":"GET /api/jobs 200 11 0.936 ms","timestamp":"2026-05-28T14:19:29.473Z"}
{"level":"http","message":"GET /api/jobs 200 11 0.595 ms","timestamp":"2026-05-28T14:19:52.978Z"}
{"level":"http","message":"GET /api/jobs 200 11 0.557 ms","timestamp":"2026-05-28T14:20:19.991Z"}
{"level":"http","message":"GET /api/jobs 200 11 0.718 ms","timestamp":"2026-05-28T14:20:33.197Z"}
{"level":"http","message":"GET /api/jobs 200 11 206.064 ms","timestamp":"2026-05-30T04:26:16.589Z"}
{"level":"http","message":"GET /api/jobs 200 11 1.607 ms","timestamp":"2026-05-30T04:26:31.787Z"}
{"level":"http","message":"GET /api/users/user 200 11 2.357 ms","timestamp":"2026-05-30T04:28:24.000Z"}
{"level":"http","message":"GET /api/company/company 200 11 2.113 ms","timestamp":"2026-05-30T04:28:24.008Z"}
{"level":"http","message":"GET /api/jobs 200 11 1.212 ms","timestamp":"2026-05-30T04:28:24.012Z"}
{"level":"http","message":"GET /api/users/user 200 11 0.212 ms","timestamp":"2026-05-30T04:28:24.015Z"}
{"level":"http","message":"GET /api/company/company 200 11 0.264 ms","timestamp":"2026-05-30T04:28:24.017Z"}
{"level":"http","message":"GET /api/jobs 200 11 0.297 ms","timestamp":"2026-05-30T04:28:24.019Z"}
{"level":"http","message":"GET /api/jobs 200 11 0.687 ms","timestamp":"2026-05-30T04:28:27.083Z"}
{"level":"http","message":"GET /api/jobs 200 11 1.324 ms","timestamp":"2026-05-30T04:28:28.012Z"}
{"level":"http","message":"GET /api/jobs 200 11 1.303 ms","timestamp":"2026-05-30T04:29:14.588Z"}
{"level":"http","message":"GET /api/users/user 200 11 1.825 ms","timestamp":"2026-05-30T04:29:14.594Z"}
{"level":"http","message":"GET /api/company/company 200 11 0.819 ms","timestamp":"2026-05-30T04:29:14.598Z"}
{"level":"http","message":"GET /api/jobs 200 11 1.867 ms","timestamp":"2026-05-30T04:29:17.637Z"}
{"level":"http","message":"GET /api/jobs 200 11 0.480 ms","timestamp":"2026-05-30T04:29:26.638Z"}
{"level":"http","message":"POST /api/company/register 200 11 0.723 ms","timestamp":"2026-05-30T04:30:04.409Z"}
{"level":"http","message":"GET /api/users/user 200 11 4.331 ms","timestamp":"2026-05-30T04:31:53.227Z"}
{"level":"http","message":"GET /api/company/company 200 11 0.634 ms","timestamp":"2026-05-30T04:31:53.233Z"}
{"level":"http","message":"GET /api/jobs 200 11 0.498 ms","timestamp":"2026-05-30T04:31:53.237Z"}
{"level":"http","message":"GET /api/jobs 200 11 0.619 ms","timestamp":"2026-05-30T04:31:56.227Z"}
{"level":"http","message":"GET /api/users/user 200 11 0.539 ms","timestamp":"2026-05-30T04:33:08.366Z"}
{"level":"http","message":"GET /api/company/company 200 11 0.299 ms","timestamp":"2026-05-30T04:33:08.371Z"}
{"level":"http","message":"GET /api/jobs 200 11 0.472 ms","timestamp":"2026-05-30T04:33:08.374Z"}
{"level":"http","message":"GET /api/users/user 200 11 0.409 ms","timestamp":"2026-05-30T04:33:09.010Z"}
{"level":"http","message":"GET /api/company/company 200 11 0.711 ms","timestamp":"2026-05-30T04:33:09.014Z"}
{"level":"http","message":"GET /api/jobs 200 11 0.595 ms","timestamp":"2026-05-30T04:33:09.017Z"}
{"level":"http","message":"GET /api/users/user 200 11 0.591 ms","timestamp":"2026-05-30T04:33:09.632Z"}
{"level":"http","message":"GET /api/company/company 200 11 0.357 ms","timestamp":"2026-05-30T04:33:09.634Z"}
{"level":"http","message":"GET /api/jobs 200 11 0.492 ms","timestamp":"2026-05-30T04:33:09.636Z"}
{"level":"http","message":"GET /api/users/user 200 11 0.404 ms","timestamp":"2026-05-30T04:33:09.975Z"}
{"level":"http","message":"GET /api/company/company 200 11 0.637 ms","timestamp":"2026-05-30T04:33:09.977Z"}
{"level":"http","message":"GET /api/jobs 200 11 0.224 ms","timestamp":"2026-05-30T04:33:09.979Z"}
{"level":"http","message":"GET /api/users/user 200 11 1.481 ms","timestamp":"2026-05-30T04:36:49.001Z"}
{"level":"http","message":"GET /api/company/company 200 11 0.473 ms","timestamp":"2026-05-30T04:36:49.006Z"}
{"level":"http","message":"GET /api/jobs 200 11 0.328 ms","timestamp":"2026-05-30T04:36:49.007Z"}
{"level":"http","message":"GET /api/users/user 200 11 0.202 ms","timestamp":"2026-05-30T04:36:49.103Z"}
{"level":"http","message":"GET /api/company/company 200 11 0.245 ms","timestamp":"2026-05-30T04:36:49.105Z"}
{"level":"http","message":"GET /api/jobs 200 11 0.358 ms","timestamp":"2026-05-30T04:36:49.109Z"}
{"level":"http","message":"GET /api/users/user 200 11 4.812 ms","timestamp":"2026-05-30T04:40:37.810Z"}
{"level":"http","message":"GET /api/company/company 200 11 0.261 ms","timestamp":"2026-05-30T04:40:37.813Z"}
{"level":"http","message":"GET /api/jobs 200 11 0.190 ms","timestamp":"2026-05-30T04:40:37.814Z"}
{"level":"http","message":"GET /api/users/user 200 11 0.383 ms","timestamp":"2026-05-30T04:40:37.966Z"}
{"level":"http","message":"GET /api/company/company 200 11 0.881 ms","timestamp":"2026-05-30T04:40:37.969Z"}
{"level":"http","message":"GET /api/jobs 200 11 0.245 ms","timestamp":"2026-05-30T04:40:37.973Z"}
{"level":"http","message":"GET /api/users/user 200 11 0.304 ms","timestamp":"2026-05-30T04:40:44.952Z"}
{"level":"http","message":"GET /api/company/company 200 11 0.193 ms","timestamp":"2026-05-30T04:40:44.954Z"}
{"level":"http","message":"GET /api/jobs 200 11 0.163 ms","timestamp":"2026-05-30T04:40:44.955Z"}
{"level":"http","message":"GET /api/users/user 200 11 0.387 ms","timestamp":"2026-05-30T04:40:45.307Z"}
{"level":"http","message":"GET /api/company/company 200 11 0.448 ms","timestamp":"2026-05-30T04:40:45.309Z"}
{"level":"http","message":"GET /api/jobs 200 11 0.210 ms","timestamp":"2026-05-30T04:40:45.319Z"}
{"level":"http","message":"GET /api/users/user 200 11 0.782 ms","timestamp":"2026-05-30T04:40:49.924Z"}
{"level":"http","message":"GET /api/company/company 200 11 0.363 ms","timestamp":"2026-05-30T04:40:49.927Z"}
{"level":"http","message":"GET /api/jobs 200 11 0.553 ms","timestamp":"2026-05-30T04:40:49.931Z"}
{"level":"http","message":"GET /api/users/user 200 11 0.796 ms","timestamp":"2026-05-30T04:40:49.977Z"}
{"level":"http","message":"GET /api/company/company 200 11 1.025 ms","timestamp":"2026-05-30T04:40:49.981Z"}
{"level":"http","message":"GET /api/jobs 200 11 0.795 ms","timestamp":"2026-05-30T04:40:49.986Z"}
{"level":"http","message":"GET /api/users/user 200 11 0.377 ms","timestamp":"2026-05-30T04:41:16.541Z"}
{"level":"http","message":"GET /api/company/company 200 11 0.596 ms","timestamp":"2026-05-30T04:41:16.547Z"}
{"level":"http","message":"GET /api/jobs 200 11 0.243 ms","timestamp":"2026-05-30T04:41:16.548Z"}
{"level":"http","message":"GET /api/users/user 200 11 0.156 ms","timestamp":"2026-05-30T04:41:16.958Z"}
{"level":"http","message":"GET /api/company/company 200 11 0.152 ms","timestamp":"2026-05-30T04:41:16.959Z"}
{"level":"http","message":"GET /api/jobs 200 11 0.188 ms","timestamp":"2026-05-30T04:41:16.961Z"}
{"level":"http","message":"GET /api/users/user 200 11 0.322 ms","timestamp":"2026-05-30T04:42:27.408Z"}
{"level":"http","message":"GET /api/company/company 200 11 0.208 ms","timestamp":"2026-05-30T04:42:27.411Z"}
{"level":"http","message":"GET /api/jobs 200 11 0.173 ms","timestamp":"2026-05-30T04:42:27.412Z"}
{"level":"http","message":"GET /api/users/user 200 11 0.153 ms","timestamp":"2026-05-30T04:42:27.968Z"}
{"level":"http","message":"GET /api/company/company 200 11 0.143 ms","timestamp":"2026-05-30T04:42:27.969Z"}
{"level":"http","message":"GET /api/jobs 200 11 0.201 ms","timestamp":"2026-05-30T04:42:27.971Z"}
{"level":"http","message":"GET /api/users/user 200 11 0.508 ms","timestamp":"2026-05-30T04:43:24.634Z"}
{"level":"http","message":"GET /api/company/company 200 11 0.255 ms","timestamp":"2026-05-30T04:43:24.636Z"}
{"level":"http","message":"GET /api/jobs 200 11 0.259 ms","timestamp":"2026-05-30T04:43:24.639Z"}
{"level":"http","message":"GET /api/users/user 200 11 0.254 ms","timestamp":"2026-05-30T04:43:24.954Z"}
{"level":"http","message":"GET /api/company/company 200 11 0.402 ms","timestamp":"2026-05-30T04:43:24.956Z"}
{"level":"http","message":"GET /api/jobs 200 11 0.173 ms","timestamp":"2026-05-30T04:43:24.957Z"}
{"level":"http","message":"GET /api/users/user 200 11 0.706 ms","timestamp":"2026-05-30T04:47:18.983Z"}
{"level":"http","message":"GET /api/company/company 200 11 0.351 ms","timestamp":"2026-05-30T04:47:18.987Z"}
{"level":"http","message":"GET /api/jobs 200 11 0.249 ms","timestamp":"2026-05-30T04:47:18.989Z"}
{"level":"http","message":"GET /api/users/user 200 11 0.471 ms","timestamp":"2026-05-30T04:47:21.298Z"}
{"level":"http","message":"GET /api/jobs 200 11 0.443 ms","timestamp":"2026-05-30T04:47:21.302Z"}
{"level":"http","message":"GET /api/company/company 200 11 0.301 ms","timestamp":"2026-05-30T04:47:21.304Z"}
{"level":"http","message":"GET /api/users/user 200 11 0.194 ms","timestamp":"2026-05-30T04:48:00.656Z"}
{"level":"http","message":"GET /api/company/company 200 11 0.248 ms","timestamp":"2026-05-30T04:48:00.658Z"}
{"level":"http","message":"GET /api/jobs 200 11 0.154 ms","timestamp":"2026-05-30T04:48:00.659Z"}
{"level":"http","message":"GET /api/users/user 200 11 0.320 ms","timestamp":"2026-05-30T04:48:00.968Z"}
{"level":"http","message":"GET /api/company/company 200 11 0.370 ms","timestamp":"2026-05-30T04:48:00.972Z"}
{"level":"http","message":"GET /api/jobs 200 11 0.163 ms","timestamp":"2026-05-30T04:48:00.974Z"}
{"level":"http","message":"GET /api/users/user 200 11 0.842 ms","timestamp":"2026-05-30T04:48:16.057Z"}
{"level":"http","message":"GET /api/company/company 200 11 0.348 ms","timestamp":"2026-05-30T04:48:16.061Z"}
{"level":"http","message":"GET /api/jobs 200 11 0.381 ms","timestamp":"2026-05-30T04:48:16.063Z"}
{"level":"http","message":"POST /api/company/register 200 11 0.747 ms","timestamp":"2026-05-30T04:48:55.388Z"}
{"level":"http","message":"POST /api/company/register 200 11 0.354 ms","timestamp":"2026-05-30T04:49:00.994Z"}
{"level":"http","message":"GET /api/users/user 200 11 5.278 ms","timestamp":"2026-05-30T04:53:36.451Z"}
{"level":"http","message":"GET /api/company/company 200 11 0.493 ms","timestamp":"2026-05-30T04:53:36.458Z"}
{"level":"http","message":"GET /api/jobs 200 11 0.513 ms","timestamp":"2026-05-30T04:53:36.466Z"}
{"level":"http","message":"POST /api/company/register 200 11 0.499 ms","timestamp":"2026-05-30T04:54:16.083Z"}
{"level":"http","message":"POST /api/company/register 200 11 0.206 ms","timestamp":"2026-05-30T04:54:29.462Z"}
{"level":"http","message":"GET /api/users/user 200 11 0.666 ms","timestamp":"2026-05-30T05:01:31.983Z"}
{"level":"http","message":"GET /api/company/company 200 11 0.333 ms","timestamp":"2026-05-30T05:01:31.986Z"}
{"level":"http","message":"GET /api/jobs 200 11 0.234 ms","timestamp":"2026-05-30T05:01:31.988Z"}
{"level":"http","message":"GET /api/users/user 200 11 0.332 ms","timestamp":"2026-05-30T05:02:00.256Z"}
{"level":"http","message":"GET /api/company/company 200 11 0.208 ms","timestamp":"2026-05-30T05:02:00.258Z"}
{"level":"http","message":"GET /api/jobs 200 11 0.300 ms","timestamp":"2026-05-30T05:02:00.259Z"}
{"level":"http","message":"GET /api/users/user 200 11 0.381 ms","timestamp":"2026-05-30T05:02:00.963Z"}
{"level":"http","message":"GET /api/company/company 200 11 0.237 ms","timestamp":"2026-05-30T05:02:00.965Z"}
{"level":"http","message":"GET /api/jobs 200 11 0.300 ms","timestamp":"2026-05-30T05:02:00.967Z"}
{"level":"http","message":"GET /api/users/user 200 11 0.285 ms","timestamp":"2026-05-30T05:03:05.124Z"}
{"level":"http","message":"GET /api/company/company 200 11 0.544 ms","timestamp":"2026-05-30T05:03:05.133Z"}
{"level":"http","message":"GET /api/jobs 200 11 0.369 ms","timestamp":"2026-05-30T05:03:05.135Z"}
{"level":"http","message":"OPTIONS /api/users/signup 200 11 0.532 ms","timestamp":"2026-05-30T05:03:49.523Z"}
{"level":"http","message":"OPTIONS /api/users/signup 200 11 0.538 ms","timestamp":"2026-05-30T05:03:54.061Z"}
{"level":"http","message":"OPTIONS /api/users/signup 200 11 1.910 ms","timestamp":"2026-05-30T05:06:10.455Z"}
{"level":"http","message":"OPTIONS /api/users/signup 200 11 0.240 ms","timestamp":"2026-05-30T05:06:11.628Z"}
{"level":"http","message":"OPTIONS /api/users/signup 200 11 0.921 ms","timestamp":"2026-05-30T05:06:12.688Z"}
{"level":"http","message":"OPTIONS /api/users/signup 200 11 0.622 ms","timestamp":"2026-05-30T05:06:35.248Z"}
{"level":"http","message":"OPTIONS /api/users/signup 200 11 0.210 ms","timestamp":"2026-05-30T05:06:36.791Z"}
{"level":"http","message":"OPTIONS /api/users/signup 200 11 0.224 ms","timestamp":"2026-05-30T05:06:37.853Z"}
{"level":"http","message":"GET /api/users/user 200 11 1.563 ms","timestamp":"2026-05-30T05:06:42.158Z"}
{"level":"http","message":"GET /api/company/company 200 11 0.696 ms","timestamp":"2026-05-30T05:06:42.161Z"}
{"level":"http","message":"GET /api/jobs 200 11 0.480 ms","timestamp":"2026-05-30T05:06:42.163Z"}
{"level":"http","message":"OPTIONS /api/users/signup 200 11 0.336 ms","timestamp":"2026-05-30T05:07:00.395Z"}
{"level":"http","message":"OPTIONS /api/users/signup 200 11 0.322 ms","timestamp":"2026-05-30T05:07:08.310Z"}
{"level":"http","message":"GET /api/users/user 200 11 6.863 ms","timestamp":"2026-05-30T05:15:12.457Z"}
{"level":"http","message":"GET /api/company/company 200 11 1.547 ms","timestamp":"2026-05-30T05:15:12.466Z"}
{"level":"http","message":"GET /api/jobs 200 11 2.111 ms","timestamp":"2026-05-30T05:15:12.472Z"}
{"level":"http","message":"OPTIONS /api/auth/signup 200 4 0.977 ms","timestamp":"2026-05-30T05:15:31.845Z"}
{"level":"http","message":"OPTIONS /api/auth/signup 200 4 0.611 ms","timestamp":"2026-05-30T05:16:32.161Z"}
{"level":"http","message":"POST /api/auth/signup 201 162 360.034 ms","timestamp":"2026-05-30T05:17:29.375Z"}
{"level":"http","message":"GET /api/users/user 200 11 9.719 ms","timestamp":"2026-05-30T05:20:52.244Z"}
{"level":"http","message":"GET /api/company/company 200 11 1.963 ms","timestamp":"2026-05-30T05:20:52.255Z"}
{"level":"http","message":"GET /api/jobs 200 11 3.507 ms","timestamp":"2026-05-30T05:20:52.270Z"}
{"level":"http","message":"POST /api/users/login 200 11 0.478 ms","timestamp":"2026-05-30T05:21:16.749Z"}
{"level":"http","message":"GET /api/users/user 200 11 0.558 ms","timestamp":"2026-05-30T05:23:19.977Z"}
{"level":"http","message":"GET /api/company/company 200 11 0.385 ms","timestamp":"2026-05-30T05:23:19.983Z"}
{"level":"http","message":"GET /api/users/user 304 - 1.540 ms","timestamp":"2026-05-30T05:23:19.988Z"}
{"level":"http","message":"GET /api/jobs 200 11 0.421 ms","timestamp":"2026-05-30T05:23:19.991Z"}
{"level":"http","message":"GET /api/company/company 304 - 0.623 ms","timestamp":"2026-05-30T05:23:19.994Z"}
{"level":"http","message":"GET /api/jobs 304 - 0.410 ms","timestamp":"2026-05-30T05:23:19.999Z"}
{"level":"http","message":"POST /api/auth/login 200 150 202.754 ms","timestamp":"2026-05-30T05:23:39.962Z"}
{"level":"http","message":"GET /api/users/user 304 - 5.789 ms","timestamp":"2026-05-30T05:47:25.071Z"}
{"level":"http","message":"GET /api/company/company 304 - 1.528 ms","timestamp":"2026-05-30T05:47:25.079Z"}
{"level":"http","message":"GET /api/jobs 304 - 1.312 ms","timestamp":"2026-05-30T05:47:25.086Z"}
{"level":"http","message":"POST /api/auth/login 200 150 143.420 ms","timestamp":"2026-05-30T05:47:44.383Z"}
{"level":"http","message":"GET /api/company/applicants 200 11 0.416 ms","timestamp":"2026-05-30T05:48:04.336Z"}
{"level":"http","message":"GET /api/users/user 200 11 21.107 ms","timestamp":"2026-05-30T05:56:53.710Z"}
{"level":"http","message":"GET /api/company/company 200 11 1.794 ms","timestamp":"2026-05-30T05:56:53.729Z"}
{"level":"http","message":"GET /api/jobs 200 11 0.763 ms","timestamp":"2026-05-30T05:56:53.735Z"}
{"level":"http","message":"POST /api/auth/login 200 150 258.079 ms","timestamp":"2026-05-30T05:57:49.310Z"}
{"level":"http","message":"GET /api/company/list-jobs 200 11 0.479 ms","timestamp":"2026-05-30T05:57:51.362Z"}
{"level":"http","message":"GET /api/company/applicants 200 11 0.888 ms","timestamp":"2026-05-30T05:58:00.036Z"}
{"level":"http","message":"POST /api/company/post-job 200 11 0.631 ms","timestamp":"2026-05-30T05:58:50.363Z"}
{"level":"http","message":"POST /api/company/post-job 200 11 0.402 ms","timestamp":"2026-05-30T05:59:03.305Z"}
{"level":"http","message":"POST /api/company/post-job 500 141 99.591 ms","timestamp":"2026-05-30T06:00:29.485Z"}
{"level":"http","message":"POST /api/company/post-job 500 141 47.642 ms","timestamp":"2026-05-30T06:03:03.497Z"}
{"level":"http","message":"GET /api/users/user 304 - 5.074 ms","timestamp":"2026-05-30T06:03:21.117Z"}
{"level":"http","message":"GET /api/company/company 304 - 0.750 ms","timestamp":"2026-05-30T06:03:21.121Z"}
{"level":"http","message":"GET /api/jobs 304 - 3.838 ms","timestamp":"2026-05-30T06:03:21.134Z"}
{"level":"http","message":"POST /api/auth/login 200 150 144.179 ms","timestamp":"2026-05-30T06:03:35.078Z"}
{"level":"http","message":"GET /api/company/list-jobs 304 - 0.758 ms","timestamp":"2026-05-30T06:03:37.145Z"}
{"level":"http","message":"GET /api/company/list-jobs 304 - 0.589 ms","timestamp":"2026-05-30T06:03:39.225Z"}
{"level":"http","message":"GET /api/company/list-jobs 304 - 0.451 ms","timestamp":"2026-05-30T06:03:47.563Z"}
{"level":"http","message":"GET /api/company/list-jobs 304 - 0.816 ms","timestamp":"2026-05-30T06:03:57.140Z"}
{"level":"http","message":"GET /api/company/list-jobs 304 - 0.571 ms","timestamp":"2026-05-30T06:03:58.790Z"}
{"level":"http","message":"GET /api/company/list-jobs 304 - 1.462 ms","timestamp":"2026-05-30T06:04:00.044Z"}
{"level":"http","message":"GET /api/company/applicants 304 - 0.762 ms","timestamp":"2026-05-30T06:04:00.988Z"}
{"level":"http","message":"GET /api/company/list-jobs 304 - 0.634 ms","timestamp":"2026-05-30T06:04:02.445Z"}
{"level":"http","message":"GET /api/company/list-jobs 304 - 0.383 ms","timestamp":"2026-05-30T06:04:22.626Z"}
{"level":"http","message":"GET /api/company/list-jobs 304 - 0.418 ms","timestamp":"2026-05-30T06:04:24.142Z"}
{"level":"http","message":"GET /api/users/user 304 - 0.506 ms","timestamp":"2026-05-30T06:04:51.200Z"}
{"level":"http","message":"GET /api/company/company 304 - 0.616 ms","timestamp":"2026-05-30T06:04:51.204Z"}
{"level":"http","message":"GET /api/jobs 304 - 6.884 ms","timestamp":"2026-05-30T06:04:51.218Z"}
{"level":"http","message":"POST /api/auth/login 200 150 81.629 ms","timestamp":"2026-05-30T06:05:04.540Z"}
{"level":"http","message":"POST /api/company/post-job 500 141 10.622 ms","timestamp":"2026-05-30T06:05:46.161Z"}
{"level":"http","message":"GET /api/users/user 304 - 7.234 ms","timestamp":"2026-05-30T06:46:58.270Z"}
{"level":"http","message":"GET /api/company/company 304 - 1.272 ms","timestamp":"2026-05-30T06:46:58.279Z"}
{"level":"http","message":"GET /api/jobs 304 - 1.107 ms","timestamp":"2026-05-30T06:46:58.285Z"}
{"level":"http","message":"GET /api/users/user 304 - 0.543 ms","timestamp":"2026-05-30T06:47:05.034Z"}
{"level":"http","message":"GET /api/company/company 304 - 1.838 ms","timestamp":"2026-05-30T06:47:05.038Z"}
{"level":"http","message":"GET /api/jobs 304 - 0.611 ms","timestamp":"2026-05-30T06:47:05.042Z"}
{"level":"http","message":"POST /api/auth/login 200 177 289.577 ms","timestamp":"2026-05-30T06:47:21.169Z"}
{"level":"http","message":"GET /api/users/user 304 - 13.915 ms","timestamp":"2026-05-30T09:43:15.976Z"}
{"level":"http","message":"GET /api/company/company 304 - 2.777 ms","timestamp":"2026-05-30T09:43:15.990Z"}
{"level":"http","message":"GET /api/jobs 304 - 1.763 ms","timestamp":"2026-05-30T09:43:15.995Z"}
{"level":"http","message":"GET /api/users/user 304 - 3.852 ms","timestamp":"2026-05-30T09:46:45.350Z"}
{"level":"http","message":"GET /api/company/company 304 - 1.088 ms","timestamp":"2026-05-30T09:46:45.364Z"}
{"level":"http","message":"GET /api/jobs 304 - 0.668 ms","timestamp":"2026-05-30T09:46:45.369Z"}
{"level":"http","message":"POST /api/auth/login 200 177 327.127 ms","timestamp":"2026-05-30T09:47:03.193Z"}
{"level":"http","message":"GET /api/users/user 304 - 0.617 ms","timestamp":"2026-05-30T09:49:52.254Z"}
{"level":"http","message":"GET /api/company/company 304 - 0.516 ms","timestamp":"2026-05-30T09:49:52.257Z"}
{"level":"http","message":"GET /api/jobs 304 - 0.677 ms","timestamp":"2026-05-30T09:49:52.295Z"}
{"level":"http","message":"POST /api/auth/login 200 177 173.884 ms","timestamp":"2026-05-30T09:50:09.285Z"}
{"level":"http","message":"GET /api/users/user 304 - 7.501 ms","timestamp":"2026-05-30T10:11:26.573Z"}
{"level":"http","message":"GET /api/company/company 304 - 0.984 ms","timestamp":"2026-05-30T10:11:26.581Z"}
{"level":"http","message":"GET /api/jobs 304 - 1.652 ms","timestamp":"2026-05-30T10:11:26.592Z"}
{"level":"http","message":"POST /api/auth/login 200 177 269.321 ms","timestamp":"2026-05-30T10:11:43.515Z"}
{"level":"http","message":"GET /api/users/user 304 - 3.544 ms","timestamp":"2026-05-30T10:13:12.893Z"}
{"level":"http","message":"GET /api/company/company 304 - 0.585 ms","timestamp":"2026-05-30T10:13:12.897Z"}
{"level":"http","message":"GET /api/jobs 304 - 0.286 ms","timestamp":"2026-05-30T10:13:12.898Z"}
{"level":"http","message":"GET /api/users/user 304 - 0.817 ms","timestamp":"2026-05-30T10:13:40.911Z"}
{"level":"http","message":"GET /api/company/company 304 - 0.898 ms","timestamp":"2026-05-30T10:13:40.914Z"}
{"level":"http","message":"GET /api/jobs 304 - 0.424 ms","timestamp":"2026-05-30T10:13:40.918Z"}
{"level":"http","message":"GET /api/users/user 304 - 0.324 ms","timestamp":"2026-05-30T10:13:55.963Z"}
{"level":"http","message":"GET /api/company/company 304 - 0.239 ms","timestamp":"2026-05-30T10:13:55.966Z"}
{"level":"http","message":"GET /api/jobs 304 - 0.409 ms","timestamp":"2026-05-30T10:13:55.969Z"}
{"level":"http","message":"GET /api/company/company 304 - 0.283 ms","timestamp":"2026-05-30T10:15:59.895Z"}
{"level":"http","message":"GET /api/jobs 304 - 0.239 ms","timestamp":"2026-05-30T10:15:59.896Z"}
{"level":"http","message":"GET /api/auth/me 200 121 31.880 ms","timestamp":"2026-05-30T10:15:59.904Z"}
{"level":"http","message":"GET /api/users/applications 200 11 0.586 ms","timestamp":"2026-05-30T10:16:00.092Z"}
{"level":"http","message":"GET /api/company/company 304 - 2.489 ms","timestamp":"2026-05-30T10:17:30.088Z"}
{"level":"http","message":"GET /api/jobs 304 - 4.108 ms","timestamp":"2026-05-30T10:17:30.109Z"}
{"level":"http","message":"GET /api/auth/me 304 - 136.778 ms","timestamp":"2026-05-30T10:17:30.131Z"}
{"level":"http","message":"GET /api/users/applications 304 - 0.328 ms","timestamp":"2026-05-30T10:17:30.335Z"}
{"level":"http","message":"POST /api/auth/login 200 177 229.988 ms","timestamp":"2026-05-30T10:17:44.675Z"}
{"level":"http","message":"GET /api/company/company 304 - 0.529 ms","timestamp":"2026-05-30T10:17:58.243Z"}
{"level":"http","message":"GET /api/jobs 304 - 1.177 ms","timestamp":"2026-05-30T10:17:58.247Z"}
{"level":"http","message":"GET /api/auth/me 304 - 25.489 ms","timestamp":"2026-05-30T10:17:58.253Z"}
{"level":"http","message":"GET /api/users/applications 304 - 0.456 ms","timestamp":"2026-05-30T10:17:58.448Z"}
{"level":"http","message":"GET /api/company/company 304 - 0.311 ms","timestamp":"2026-05-30T10:21:00.900Z"}
{"level":"http","message":"GET /api/jobs 304 - 0.238 ms","timestamp":"2026-05-30T10:21:00.902Z"}
{"level":"http","message":"GET /api/users/applications 304 - 0.244 ms","timestamp":"2026-05-30T10:21:00.909Z"}
{"level":"http","message":"GET /api/auth/me 304 - 17.779 ms","timestamp":"2026-05-30T10:21:00.911Z"}
{"level":"http","message":"GET /api/users/applications 304 - 0.734 ms","timestamp":"2026-05-30T10:21:01.121Z"}
{"level":"http","message":"GET /api/company/company 304 - 0.214 ms","timestamp":"2026-05-30T10:21:47.883Z"}
{"level":"http","message":"GET /api/jobs 304 - 0.136 ms","timestamp":"2026-05-30T10:21:47.884Z"}
{"level":"http","message":"GET /api/users/applications 304 - 0.889 ms","timestamp":"2026-05-30T10:21:47.886Z"}
{"level":"http","message":"GET /api/auth/me 304 - 13.735 ms","timestamp":"2026-05-30T10:21:47.894Z"}
{"level":"http","message":"GET /api/users/applications 304 - 0.223 ms","timestamp":"2026-05-30T10:21:48.090Z"}
{"level":"http","message":"POST /api/auth/login 200 177 178.271 ms","timestamp":"2026-05-30T10:22:10.729Z"}
{"level":"http","message":"GET /api/company/company 304 - 0.722 ms","timestamp":"2026-05-30T10:22:23.267Z"}
{"level":"http","message":"GET /api/jobs 304 - 0.669 ms","timestamp":"2026-05-30T10:22:23.276Z"}
{"level":"http","message":"GET /api/auth/me 304 - 32.359 ms","timestamp":"2026-05-30T10:22:23.280Z"}
{"level":"http","message":"GET /api/users/applications 304 - 0.279 ms","timestamp":"2026-05-30T10:22:23.483Z"}
{"level":"http","message":"POST /api/auth/login 200 177 277.877 ms","timestamp":"2026-05-30T10:26:31.198Z"}
{"level":"http","message":"GET /api/company/company 304 - 5.441 ms","timestamp":"2026-05-30T10:27:01.187Z"}
{"level":"http","message":"GET /api/jobs 304 - 1.540 ms","timestamp":"2026-05-30T10:27:01.193Z"}
{"level":"http","message":"GET /api/auth/me 304 - 57.303 ms","timestamp":"2026-05-30T10:27:01.225Z"}
{"level":"http","message":"GET /api/users/applications 304 - 1.077 ms","timestamp":"2026-05-30T10:27:01.419Z"}
{"level":"http","message":"GET /api/company/company 304 - 2.337 ms","timestamp":"2026-05-30T10:29:02.925Z"}
{"level":"http","message":"GET /api/jobs 304 - 1.672 ms","timestamp":"2026-05-30T10:29:02.941Z"}
{"level":"http","message":"GET /api/users/applications 304 - 0.598 ms","timestamp":"2026-05-30T10:29:02.946Z"}
{"level":"http","message":"GET /api/auth/me 304 - 58.573 ms","timestamp":"2026-05-30T10:29:02.953Z"}
{"level":"http","message":"GET /api/users/applications 304 - 0.626 ms","timestamp":"2026-05-30T10:29:03.111Z"}
{"level":"http","message":"GET /api/company/company 304 - 0.371 ms","timestamp":"2026-05-30T10:30:19.895Z"}
{"level":"http","message":"GET /api/jobs 304 - 0.576 ms","timestamp":"2026-05-30T10:30:19.900Z"}
{"level":"http","message":"GET /api/users/applications 304 - 0.318 ms","timestamp":"2026-05-30T10:30:19.907Z"}
{"level":"http","message":"GET /api/auth/me 304 - 21.681 ms","timestamp":"2026-05-30T10:30:19.910Z"}
{"level":"http","message":"GET /api/users/applications 304 - 0.310 ms","timestamp":"2026-05-30T10:30:20.115Z"}
{"level":"http","message":"GET /api/company/company 304 - 0.678 ms","timestamp":"2026-05-30T10:31:05.043Z"}
{"level":"http","message":"GET /api/jobs 304 - 1.874 ms","timestamp":"2026-05-30T10:31:05.069Z"}
{"level":"http","message":"GET /api/auth/me 304 - 46.188 ms","timestamp":"2026-05-30T10:31:05.079Z"}
{"level":"http","message":"GET /api/users/applications 304 - 1.378 ms","timestamp":"2026-05-30T10:31:05.342Z"}
{"level":"http","message":"POST /api/auth/login 200 177 230.702 ms","timestamp":"2026-05-30T10:31:19.097Z"}
{"level":"http","message":"GET /api/company/company 304 - 0.365 ms","timestamp":"2026-05-30T10:31:38.870Z"}
{"level":"http","message":"GET /api/jobs 304 - 0.346 ms","timestamp":"2026-05-30T10:31:38.872Z"}
{"level":"http","message":"GET /api/auth/me 304 - 18.493 ms","timestamp":"2026-05-30T10:31:38.883Z"}
{"level":"http","message":"GET /api/users/applications 304 - 2.103 ms","timestamp":"2026-05-30T10:31:39.089Z"}
{"level":"http","message":"GET /api/company/company 304 - 0.843 ms","timestamp":"2026-05-30T10:34:42.898Z"}
{"level":"http","message":"GET /api/jobs 304 - 0.444 ms","timestamp":"2026-05-30T10:34:42.901Z"}
{"level":"http","message":"GET /api/users/applications 304 - 0.718 ms","timestamp":"2026-05-30T10:34:42.905Z"}
{"level":"http","message":"GET /api/auth/me 304 - 32.390 ms","timestamp":"2026-05-30T10:34:42.914Z"}
{"level":"http","message":"GET /api/company/company 304 - 0.316 ms","timestamp":"2026-05-30T10:36:54.013Z"}
{"level":"http","message":"GET /api/jobs 304 - 2.116 ms","timestamp":"2026-05-30T10:36:54.017Z"}
{"level":"http","message":"GET /api/users/applications 304 - 0.148 ms","timestamp":"2026-05-30T10:36:54.018Z"}
{"level":"http","message":"GET /api/auth/me 304 - 18.557 ms","timestamp":"2026-05-30T10:36:54.022Z"}
{"level":"http","message":"POST /api/auth/login 200 177 206.222 ms","timestamp":"2026-05-30T10:37:10.342Z"}
{"level":"http","message":"GET /api/company/company 304 - 3.129 ms","timestamp":"2026-05-30T10:41:27.655Z"}
{"level":"http","message":"GET /api/jobs 304 - 1.206 ms","timestamp":"2026-05-30T10:41:27.664Z"}
{"level":"http","message":"GET /api/auth/me 304 - 143.779 ms","timestamp":"2026-05-30T10:41:27.704Z"}
{"level":"http","message":"GET /api/company/company 304 - 0.358 ms","timestamp":"2026-05-30T10:41:45.923Z"}
{"level":"http","message":"GET /api/jobs 304 - 0.901 ms","timestamp":"2026-05-30T10:41:45.927Z"}
{"level":"http","message":"GET /api/auth/me 304 - 19.442 ms","timestamp":"2026-05-30T10:41:45.935Z"}
{"level":"http","message":"GET /api/company/company 304 - 7.403 ms","timestamp":"2026-05-30T10:45:53.308Z"}
{"level":"http","message":"GET /api/jobs 304 - 2.338 ms","timestamp":"2026-05-30T10:45:53.318Z"}
{"level":"http","message":"GET /api/auth/me 304 - 115.298 ms","timestamp":"2026-05-30T10:45:53.351Z"}
{"level":"http","message":"GET /api/company/company 304 - 5.732 ms","timestamp":"2026-05-30T10:46:03.345Z"}
{"level":"http","message":"GET /api/jobs 304 - 3.316 ms","timestamp":"2026-05-30T10:46:03.355Z"}
{"level":"http","message":"GET /api/auth/me 304 - 88.178 ms","timestamp":"2026-05-30T10:46:03.394Z"}
{"level":"http","message":"GET /api/company/company 304 - 1.716 ms","timestamp":"2026-05-30T10:46:23.671Z"}
{"level":"http","message":"GET /api/jobs 304 - 7.196 ms","timestamp":"2026-05-30T10:46:23.695Z"}
{"level":"http","message":"GET /api/auth/me 304 - 127.510 ms","timestamp":"2026-05-30T10:46:23.739Z"}
{"level":"http","message":"POST /api/company/complete-companyProfile 201 5238 307.698 ms","timestamp":"2026-05-30T11:12:13.872Z"}
{"level":"http","message":"GET /api/company/company 304 - 2.101 ms","timestamp":"2026-05-30T11:12:44.564Z"}
{"level":"http","message":"GET /api/jobs 304 - 0.747 ms","timestamp":"2026-05-30T11:12:44.568Z"}
{"level":"http","message":"GET /api/auth/me 200 160 34.081 ms","timestamp":"2026-05-30T11:12:44.583Z"}
{"level":"http","message":"GET /api/company/list-jobs 304 - 0.952 ms","timestamp":"2026-05-30T11:13:03.477Z"}
{"level":"http","message":"GET /api/company/company 304 - 0.536 ms","timestamp":"2026-05-30T11:13:33.969Z"}
{"level":"http","message":"GET /api/jobs 304 - 0.829 ms","timestamp":"2026-05-30T11:13:33.974Z"}
{"level":"http","message":"GET /api/auth/me 304 - 24.155 ms","timestamp":"2026-05-30T11:13:33.985Z"}
{"level":"http","message":"GET /api/company/company 304 - 0.575 ms","timestamp":"2026-05-30T11:19:34.448Z"}
{"level":"http","message":"GET /api/jobs 304 - 1.112 ms","timestamp":"2026-05-30T11:19:34.455Z"}
{"level":"http","message":"GET /api/auth/me 304 - 39.383 ms","timestamp":"2026-05-30T11:19:34.480Z"}
{"level":"http","message":"GET /api/company/company 304 - 0.715 ms","timestamp":"2026-05-30T11:24:00.925Z"}
{"level":"http","message":"GET /api/jobs 304 - 1.132 ms","timestamp":"2026-05-30T11:24:00.941Z"}
{"level":"http","message":"GET /api/auth/me 304 - 30.342 ms","timestamp":"2026-05-30T11:24:00.946Z"}
{"level":"http","message":"POST /api/company/complete-companyProfile 400 273 24.620 ms","timestamp":"2026-05-30T11:24:57.152Z"}
{"level":"http","message":"POST /api/company/complete-companyProfile 500 54 22.015 ms","timestamp":"2026-05-30T11:25:08.539Z"}
{"level":"http","message":"POST /api/company/complete-companyProfile 500 52 18.108 ms","timestamp":"2026-05-30T11:25:13.681Z"}
{"level":"http","message":"POST /api/company/logout 200 11 0.498 ms","timestamp":"2026-05-30T11:26:32.887Z"}
{"level":"http","message":"POST /api/auth/signup 201 195 193.063 ms","timestamp":"2026-05-30T11:27:48.474Z"}
{"level":"http","message":"POST /api/company/complete-companyProfile 400 273 5.841 ms","timestamp":"2026-05-30T11:28:18.726Z"}
{"level":"http","message":"POST /api/company/complete-companyProfile 201 1293 21.975 ms","timestamp":"2026-05-30T11:28:25.755Z"}
{"level":"http","message":"GET /api/company/company 304 - 1.902 ms","timestamp":"2026-05-30T12:01:13.320Z"}
{"level":"http","message":"GET /api/jobs 304 - 4.423 ms","timestamp":"2026-05-30T12:01:13.329Z"}
{"level":"http","message":"GET /api/auth/me 200 166 62.885 ms","timestamp":"2026-05-30T12:01:13.344Z"}
{"level":"http","message":"GET /api/company/company 304 - 0.873 ms","timestamp":"2026-05-30T12:15:26.422Z"}
{"level":"http","message":"GET /api/jobs 304 - 2.230 ms","timestamp":"2026-05-30T12:15:26.429Z"}
{"level":"http","message":"GET /api/auth/me 304 - 34.157 ms","timestamp":"2026-05-30T12:15:26.444Z"}
{"level":"http","message":"POST /api/company/logout 200 11 2.890 ms","timestamp":"2026-05-30T12:19:23.802Z"}
{"level":"http","message":"POST /api/auth/signup 201 197 256.796 ms","timestamp":"2026-05-30T12:19:59.932Z"}
{"level":"http","message":"POST /api/company/complete-companyProfile 201 1299 36.215 ms","timestamp":"2026-05-30T12:20:30.230Z"}
{"level":"http","message":"GET /api/company/company 304 - 0.354 ms","timestamp":"2026-05-30T12:25:33.447Z"}
{"level":"http","message":"GET /api/jobs 304 - 1.201 ms","timestamp":"2026-05-30T12:25:33.450Z"}
{"level":"http","message":"GET /api/auth/me 200 168 13.248 ms","timestamp":"2026-05-30T12:25:33.455Z"}
{"level":"http","message":"GET /api/company/company 304 - 3.956 ms","timestamp":"2026-05-30T12:31:46.155Z"}
{"level":"http","message":"GET /api/jobs 304 - 1.893 ms","timestamp":"2026-05-30T12:31:46.163Z"}
{"level":"http","message":"GET /api/auth/me 200 194 130.657 ms","timestamp":"2026-05-30T12:31:46.228Z"}
{"level":"http","message":"GET /api/company/company 304 - 0.587 ms","timestamp":"2026-05-30T12:31:52.385Z"}
{"level":"http","message":"GET /api/jobs 304 - 1.249 ms","timestamp":"2026-05-30T12:31:52.389Z"}
{"level":"http","message":"GET /api/auth/me 304 - 33.332 ms","timestamp":"2026-05-30T12:31:52.409Z"}
{"level":"http","message":"POST /api/company/complete-companyProfile 400 273 19.752 ms","timestamp":"2026-05-30T12:32:18.412Z"}
{"level":"http","message":"POST /api/company/logout 200 11 0.472 ms","timestamp":"2026-05-30T12:32:28.074Z"}
{"level":"http","message":"POST /api/auth/signup 201 191 278.793 ms","timestamp":"2026-05-30T12:32:59.849Z"}
{"level":"http","message":"POST /api/company/complete-companyProfile 201 1297 39.572 ms","timestamp":"2026-05-30T12:33:24.109Z"}
{"level":"http","message":"GET /api/company/company 304 - 4.542 ms","timestamp":"2026-05-30T12:37:18.042Z"}
{"level":"http","message":"GET /api/jobs 304 - 1.081 ms","timestamp":"2026-05-30T12:37:18.050Z"}
{"level":"http","message":"GET /api/auth/me 200 188 207.023 ms","timestamp":"2026-05-30T12:37:18.154Z"}
{"level":"http","message":"GET /api/company/company 304 - 1.091 ms","timestamp":"2026-05-30T12:37:34.280Z"}
{"level":"http","message":"GET /api/jobs 304 - 0.709 ms","timestamp":"2026-05-30T12:37:34.284Z"}
{"level":"http","message":"GET /api/auth/me 304 - 37.421 ms","timestamp":"2026-05-30T12:37:34.302Z"}
{"level":"http","message":"GET /api/company/company 304 - 0.915 ms","timestamp":"2026-05-30T12:38:28.616Z"}
{"level":"http","message":"GET /api/jobs 304 - 0.778 ms","timestamp":"2026-05-30T12:38:28.621Z"}
{"level":"http","message":"GET /api/auth/me 304 - 40.679 ms","timestamp":"2026-05-30T12:38:28.646Z"}
{"level":"http","message":"GET /api/auth/me 401 63 54.339 ms","timestamp":"2026-05-30T14:03:44.707Z"}
{"level":"http","message":"GET /api/company/company 200 11 7.552 ms","timestamp":"2026-05-30T14:03:44.744Z"}
{"level":"http","message":"GET /api/jobs 200 11 4.765 ms","timestamp":"2026-05-30T14:03:44.762Z"}
{"level":"http","message":"POST /api/auth/signup 201 191 429.329 ms","timestamp":"2026-05-30T14:04:47.638Z"}
{"level":"http","message":"POST /api/company/complete-companyProfile 201 1294 111.661 ms","timestamp":"2026-05-30T14:05:34.467Z"}
{"level":"http","message":"POST /api/company/logout 200 11 15.839 ms","timestamp":"2026-05-30T14:13:11.694Z"}
{"level":"http","message":"POST /api/auth/signup 201 190 296.804 ms","timestamp":"2026-05-30T14:13:45.276Z"}
{"level":"http","message":"POST /api/company/complete-companyProfile 201 1308 46.305 ms","timestamp":"2026-05-30T14:14:14.397Z"}
{"level":"http","message":"GET /api/company/company 304 - 5.308 ms","timestamp":"2026-05-30T14:16:37.870Z"}
{"level":"http","message":"GET /api/jobs 304 - 3.285 ms","timestamp":"2026-05-30T14:16:37.878Z"}
{"level":"http","message":"GET /api/auth/me 200 187 81.243 ms","timestamp":"2026-05-30T14:16:37.938Z"}
{"level":"http","message":"POST /api/company/logout 200 11 0.825 ms","timestamp":"2026-05-30T14:17:25.562Z"}
{"level":"http","message":"POST /api/auth/signup 400 254 18.444 ms","timestamp":"2026-05-30T14:17:49.685Z"}
{"level":"http","message":"POST /api/auth/signup 201 188 175.942 ms","timestamp":"2026-05-30T14:18:18.704Z"}
{"level":"http","message":"POST /api/company/complete-companyProfile 201 1285 25.378 ms","timestamp":"2026-05-30T14:18:50.573Z"}
{"level":"http","message":"GET /api/company/company 304 - 2.078 ms","timestamp":"2026-05-30T14:24:01.065Z"}
{"level":"http","message":"GET /api/jobs 304 - 0.636 ms","timestamp":"2026-05-30T14:24:01.070Z"}
{"level":"http","message":"GET /api/auth/me 200 185 64.712 ms","timestamp":"2026-05-30T14:24:01.107Z"}
{"level":"http","message":"GET /api/company/company 304 - 0.481 ms","timestamp":"2026-05-30T14:24:12.167Z"}
{"level":"http","message":"GET /api/jobs 304 - 0.505 ms","timestamp":"2026-05-30T14:24:12.169Z"}
{"level":"http","message":"GET /api/auth/me 304 - 25.672 ms","timestamp":"2026-05-30T14:24:12.186Z"}
{"level":"http","message":"GET /api/jobs 304 - 14.311 ms","timestamp":"2026-05-30T14:29:20.620Z"}
{"level":"http","message":"GET /api/company/company 304 - 8.259 ms","timestamp":"2026-05-30T14:29:20.643Z"}
{"level":"http","message":"GET /api/auth/me 200 1413 168.736 ms","timestamp":"2026-05-30T14:29:20.693Z"}
{"level":"http","message":"GET /api/company/company 304 - 0.255 ms","timestamp":"2026-05-30T14:29:47.982Z"}
{"level":"http","message":"GET /api/jobs 304 - 0.428 ms","timestamp":"2026-05-30T14:29:47.984Z"}
{"level":"http","message":"GET /api/auth/me 304 - 16.995 ms","timestamp":"2026-05-30T14:29:47.993Z"}
{"level":"http","message":"POST /api/company/logout 200 11 0.486 ms","timestamp":"2026-05-30T14:30:09.005Z"}
{"level":"http","message":"POST /api/auth/signup 400 254 7.518 ms","timestamp":"2026-05-30T14:30:32.572Z"}
{"level":"http","message":"POST /api/auth/signup 400 254 1.497 ms","timestamp":"2026-05-30T14:30:39.224Z"}
{"level":"http","message":"POST /api/auth/signup 201 189 244.878 ms","timestamp":"2026-05-30T14:30:48.696Z"}
{"level":"http","message":"POST /api/company/complete-companyProfile 201 1302 30.354 ms","timestamp":"2026-05-30T14:31:28.724Z"}
{"level":"http","message":"GET /api/company/company 304 - 0.757 ms","timestamp":"2026-05-30T14:31:40.451Z"}
{"level":"http","message":"GET /api/jobs 304 - 0.463 ms","timestamp":"2026-05-30T14:31:40.455Z"}
{"level":"http","message":"GET /api/auth/me 200 1431 35.772 ms","timestamp":"2026-05-30T14:31:40.479Z"}
{"level":"http","message":"GET /api/company/company 304 - 6.934 ms","timestamp":"2026-05-30T14:50:46.581Z"}
{"level":"http","message":"GET /api/jobs 304 - 0.694 ms","timestamp":"2026-05-30T14:50:46.587Z"}
{"level":"http","message":"GET /api/auth/me 304 - 157.983 ms","timestamp":"2026-05-30T14:50:46.642Z"}
{"level":"http","message":"GET /api/company/company 304 - 0.861 ms","timestamp":"2026-05-30T14:51:24.786Z"}
{"level":"http","message":"GET /api/jobs 304 - 0.323 ms","timestamp":"2026-05-30T14:51:24.788Z"}
{"level":"http","message":"GET /api/auth/me 304 - 27.311 ms","timestamp":"2026-05-30T14:51:24.804Z"}
{"level":"http","message":"GET /api/company/company 304 - 1.006 ms","timestamp":"2026-05-30T14:52:13.896Z"}
{"level":"http","message":"GET /api/jobs 304 - 0.825 ms","timestamp":"2026-05-30T14:52:13.905Z"}
{"level":"http","message":"GET /api/auth/me 304 - 36.605 ms","timestamp":"2026-05-30T14:52:13.918Z"}
{"level":"http","message":"GET /api/company/company 304 - 0.432 ms","timestamp":"2026-05-30T14:52:30.184Z"}
{"level":"http","message":"GET /api/jobs 304 - 0.508 ms","timestamp":"2026-05-30T14:52:30.186Z"}
{"level":"http","message":"GET /api/auth/me 304 - 35.211 ms","timestamp":"2026-05-30T14:52:30.213Z"}
{"level":"http","message":"POST /api/company/logout 200 11 0.539 ms","timestamp":"2026-05-30T14:52:42.807Z"}
{"level":"http","message":"POST /api/auth/signup 201 188 128.383 ms","timestamp":"2026-05-30T14:53:12.943Z"}
{"level":"http","message":"POST /api/company/complete-companyProfile 201 1281 27.789 ms","timestamp":"2026-05-30T14:53:36.817Z"}
{"level":"http","message":"GET /api/company/company 304 - 0.290 ms","timestamp":"2026-05-30T14:53:58.854Z"}
{"level":"http","message":"GET /api/jobs 304 - 0.608 ms","timestamp":"2026-05-30T14:53:58.859Z"}
{"level":"http","message":"GET /api/auth/me 200 1409 32.950 ms","timestamp":"2026-05-30T14:53:58.887Z"}
{"level":"http","message":"GET /api/company/company 304 - 0.573 ms","timestamp":"2026-05-30T14:58:13.820Z"}
{"level":"http","message":"GET /api/jobs 304 - 0.257 ms","timestamp":"2026-05-30T14:58:13.824Z"}
{"level":"http","message":"GET /api/auth/me 304 - 25.173 ms","timestamp":"2026-05-30T14:58:13.837Z"}
{"level":"http","message":"GET /api/company/company 304 - 0.334 ms","timestamp":"2026-05-30T14:58:22.087Z"}
{"level":"http","message":"GET /api/jobs 304 - 0.446 ms","timestamp":"2026-05-30T14:58:22.089Z"}
{"level":"http","message":"GET /api/auth/me 304 - 44.852 ms","timestamp":"2026-05-30T14:58:22.122Z"}
{"level":"http","message":"POST /api/company/logout 200 11 0.318 ms","timestamp":"2026-05-30T14:58:53.051Z"}
{"level":"http","message":"POST /api/auth/signup 400 254 9.951 ms","timestamp":"2026-05-30T14:59:18.927Z"}
{"level":"http","message":"POST /api/auth/signup 400 254 0.498 ms","timestamp":"2026-05-30T14:59:21.425Z"}
{"level":"http","message":"POST /api/auth/signup 201 188 110.822 ms","timestamp":"2026-05-30T14:59:25.346Z"}
{"level":"http","message":"POST /api/company/complete-companyProfile 400 273 11.704 ms","timestamp":"2026-05-30T14:59:47.626Z"}
{"level":"http","message":"POST /api/company/complete-companyProfile 201 1303 17.312 ms","timestamp":"2026-05-30T14:59:58.138Z"}
{"level":"http","message":"GET /api/company/company 304 - 0.526 ms","timestamp":"2026-05-30T15:00:46.495Z"}
{"level":"http","message":"GET /api/jobs 304 - 0.904 ms","timestamp":"2026-05-30T15:00:46.500Z"}
{"level":"http","message":"GET /api/auth/me 200 1431 48.697 ms","timestamp":"2026-05-30T15:00:46.539Z"}
{"level":"http","message":"GET /api/company/company 304 - 0.494 ms","timestamp":"2026-05-30T15:02:51.801Z"}
{"level":"http","message":"GET /api/jobs 304 - 0.208 ms","timestamp":"2026-05-30T15:02:51.803Z"}
{"level":"http","message":"GET /api/auth/me 304 - 15.944 ms","timestamp":"2026-05-30T15:02:51.810Z"}
{"level":"http","message":"GET /api/company/company 304 - 0.491 ms","timestamp":"2026-05-30T15:05:50.795Z"}
{"level":"http","message":"GET /api/jobs 304 - 0.159 ms","timestamp":"2026-05-30T15:05:50.797Z"}
{"level":"http","message":"GET /api/auth/me 304 - 19.337 ms","timestamp":"2026-05-30T15:05:50.808Z"}
{"level":"http","message":"GET /api/company/company 304 - 0.942 ms","timestamp":"2026-05-30T15:06:04.800Z"}
{"level":"http","message":"GET /api/jobs 304 - 0.495 ms","timestamp":"2026-05-30T15:06:04.806Z"}
{"level":"http","message":"GET /api/auth/me 304 - 20.450 ms","timestamp":"2026-05-30T15:06:04.811Z"}
{"level":"http","message":"GET /api/auth/me 304 - 16.828 ms","timestamp":"2026-05-30T15:07:19.843Z"}
{"level":"http","message":"GET /api/company/company 304 - 0.337 ms","timestamp":"2026-05-30T15:07:20.006Z"}
{"level":"http","message":"GET /api/auth/me 304 - 14.196 ms","timestamp":"2026-05-30T15:07:20.113Z"}
{"level":"http","message":"GET /api/jobs 304 - 0.245 ms","timestamp":"2026-05-30T15:07:20.189Z"}
{"level":"http","message":"GET /api/company/company 304 - 0.309 ms","timestamp":"2026-05-30T15:07:20.284Z"}
{"level":"http","message":"GET /api/jobs 304 - 0.218 ms","timestamp":"2026-05-30T15:07:20.471Z"}
{"level":"http","message":"GET /api/auth/me 304 - 12.939 ms","timestamp":"2026-05-30T15:07:27.155Z"}
{"level":"http","message":"GET /api/company/company 304 - 0.421 ms","timestamp":"2026-05-30T15:07:27.316Z"}
{"level":"http","message":"GET /api/jobs 304 - 0.233 ms","timestamp":"2026-05-30T15:07:27.488Z"}
{"level":"http","message":"POST /api/auth/signup 201 191 112.773 ms","timestamp":"2026-05-30T15:08:16.992Z"}
{"level":"http","message":"POST /api/company/complete-companyProfile 201 1287 17.766 ms","timestamp":"2026-05-30T15:08:34.635Z"}
{"level":"http","message":"GET /api/auth/me 200 1418 14.285 ms","timestamp":"2026-05-30T15:08:43.865Z"}
{"level":"http","message":"GET /api/company/company 304 - 0.258 ms","timestamp":"2026-05-30T15:08:44.042Z"}
{"level":"http","message":"GET /api/jobs 304 - 0.241 ms","timestamp":"2026-05-30T15:08:44.230Z"}
{"level":"http","message":"GET /api/company/company 304 - 0.271 ms","timestamp":"2026-05-30T15:09:46.926Z"}
{"level":"http","message":"GET /api/jobs 304 - 0.144 ms","timestamp":"2026-05-30T15:09:46.927Z"}
{"level":"http","message":"GET /api/auth/me 304 - 10.579 ms","timestamp":"2026-05-30T15:09:46.932Z"}
{"level":"http","message":"GET /api/company/company 304 - 1.343 ms","timestamp":"2026-05-30T15:14:49.503Z"}
{"level":"http","message":"GET /api/jobs 304 - 1.232 ms","timestamp":"2026-05-30T15:14:49.509Z"}
{"level":"http","message":"GET /api/auth/me 304 - 61.253 ms","timestamp":"2026-05-30T15:14:49.543Z"}
{"level":"http","message":"GET /api/company/company 304 - 0.251 ms","timestamp":"2026-05-30T15:16:06.788Z"}
{"level":"http","message":"GET /api/jobs 304 - 0.208 ms","timestamp":"2026-05-30T15:16:06.794Z"}
{"level":"http","message":"GET /api/auth/me 304 - 14.696 ms","timestamp":"2026-05-30T15:16:06.799Z"}
{"level":"http","message":"GET /api/auth/me 304 - 18.647 ms","timestamp":"2026-05-30T15:16:39.801Z"}
{"level":"http","message":"GET /api/jobs 304 - 1.076 ms","timestamp":"2026-05-30T15:20:16.969Z"}
{"level":"http","message":"GET /api/auth/me 304 - 25.840 ms","timestamp":"2026-05-30T15:20:16.981Z"}
{"level":"http","message":"GET /api/jobs 304 - 0.627 ms","timestamp":"2026-05-30T15:20:17.233Z"}
{"level":"http","message":"GET /api/auth/me 304 - 18.305 ms","timestamp":"2026-05-30T15:20:17.247Z"}
{"level":"http","message":"GET /api/jobs 304 - 0.433 ms","timestamp":"2026-05-30T15:20:17.526Z"}
{"level":"http","message":"GET /api/auth/me 304 - 16.833 ms","timestamp":"2026-05-30T15:20:17.534Z"}
{"level":"http","message":"GET /api/jobs 304 - 0.736 ms","timestamp":"2026-05-30T15:20:25.161Z"}
{"level":"http","message":"GET /api/auth/me 304 - 25.435 ms","timestamp":"2026-05-30T15:20:25.182Z"}
{"level":"http","message":"GET /api/jobs 304 - 0.176 ms","timestamp":"2026-05-30T15:21:42.324Z"}
{"level":"http","message":"GET /api/auth/me 304 - 9.534 ms","timestamp":"2026-05-30T15:21:42.331Z"}
{"level":"http","message":"POST /api/jobs 200 11 0.268 ms","timestamp":"2026-05-30T15:23:10.337Z"}
{"level":"http","message":"GET /api/jobs 200 11 0.279 ms","timestamp":"2026-05-30T15:23:36.813Z"}
{"level":"http","message":"GET /api/auth/me 304 - 33.501 ms","timestamp":"2026-05-30T15:23:36.841Z"}
{"level":"http","message":"POST /api/jobs 200 11 0.449 ms","timestamp":"2026-05-30T15:24:19.599Z"}
{"level":"http","message":"GET /api/jobs 200 11 0.632 ms","timestamp":"2026-05-30T15:27:10.655Z"}
{"level":"http","message":"GET /api/auth/me 304 - 80.825 ms","timestamp":"2026-05-30T15:27:10.739Z"}
{"level":"http","message":"POST /api/jobs 200 11 0.454 ms","timestamp":"2026-05-30T15:27:42.812Z"}
{"level":"http","message":"POST /api/jobs 200 11 0.343 ms","timestamp":"2026-05-30T15:28:09.331Z"}
{"level":"http","message":"POST /api/jobs/create 400 1765 70.047 ms","timestamp":"2026-05-30T15:30:37.766Z"}
{"level":"http","message":"POST /api/jobs/create 201 487 341.181 ms","timestamp":"2026-05-30T15:40:31.657Z"}
{"level":"http","message":"GET /api/company/list-jobs 200 11 2.256 ms","timestamp":"2026-05-30T15:40:32.815Z"}
{"level":"http","message":"GET /api/company/applicants 200 11 1.131 ms","timestamp":"2026-05-30T15:40:44.799Z"}
{"level":"http","message":"GET /api/company/list-jobs 304 - 1.152 ms","timestamp":"2026-05-30T15:40:46.369Z"}
{"level":"http","message":"GET /api/jobs 200 11 56.392 ms","timestamp":"2026-05-30T15:54:40.719Z"}
{"level":"http","message":"GET /api/auth/me 304 - 301.235 ms","timestamp":"2026-05-30T15:54:41.031Z"}
{"level":"http","message":"GET /api/jobs/all 400 44 6.168 ms","timestamp":"2026-05-30T16:00:22.826Z"}
{"level":"http","message":"GET /api/auth/me 304 - 70.300 ms","timestamp":"2026-05-30T16:00:22.902Z"}
{"level":"http","message":"GET /api/jobs/all 400 44 2.680 ms","timestamp":"2026-05-30T16:02:18.962Z"}
{"level":"http","message":"GET /api/auth/me 304 - 49.572 ms","timestamp":"2026-05-30T16:02:18.996Z"}
{"level":"http","message":"GET /api/jobs/all 400 44 6.409 ms","timestamp":"2026-05-30T16:03:26.989Z"}
{"level":"http","message":"GET /api/auth/me 304 - 100.760 ms","timestamp":"2026-05-30T16:03:27.037Z"}
{"level":"http","message":"GET /api/jobs/all 400 44 14.703 ms","timestamp":"2026-05-30T16:42:30.030Z"}
{"level":"http","message":"GET /api/auth/me 304 - 308.396 ms","timestamp":"2026-05-30T16:42:30.165Z"}
{"level":"http","message":"GET /api/auth/me 401 63 6.955 ms","timestamp":"2026-05-31T02:04:39.925Z"}
{"level":"http","message":"GET /api/jobs/all 400 44 1.105 ms","timestamp":"2026-05-31T02:04:39.931Z"}
{"level":"http","message":"GET /api/jobs/all 400 44 2.584 ms","timestamp":"2026-05-31T02:08:50.316Z"}
{"level":"http","message":"GET /api/jobs/all 200 1870 111.185 ms","timestamp":"2026-05-31T02:09:38.946Z"}
{"level":"http","message":"GET /api/auth/me 401 63 1.494 ms","timestamp":"2026-05-31T02:09:57.963Z"}
{"level":"http","message":"GET /api/jobs/all 200 1870 24.718 ms","timestamp":"2026-05-31T02:09:57.991Z"}
{"level":"http","message":"POST /api/auth/signup 201 196 113.128 ms","timestamp":"2026-05-31T02:10:48.800Z"}
{"level":"http","message":"GET /api/applications 200 11 0.907 ms","timestamp":"2026-05-31T02:10:48.811Z"}
{"level":"http","message":"POST /api/profile/complete-profile 400 687 133.180 ms","timestamp":"2026-05-31T02:13:51.643Z"}
{"level":"http","message":"POST /api/auth/signup 201 199 123.539 ms","timestamp":"2026-05-31T02:22:04.314Z"}
{"level":"http","message":"GET /api/auth/me 401 63 1.020 ms","timestamp":"2026-05-31T02:22:56.925Z"}
{"level":"http","message":"GET /api/jobs/all 200 1870 174.269 ms","timestamp":"2026-05-31T02:22:57.104Z"}
{"level":"http","message":"POST /api/auth/login 200 184 266.723 ms","timestamp":"2026-05-31T02:23:18.096Z"}
{"level":"http","message":"GET /api/applications 200 11 2.029 ms","timestamp":"2026-05-31T02:23:18.113Z"}
{"level":"http","message":"POST /api/profile/complete-profile 400 699 28.319 ms","timestamp":"2026-05-31T02:23:39.603Z"}
{"level":"http","message":"POST /api/profile/complete-profile 400 470 11.317 ms","timestamp":"2026-05-31T02:23:59.358Z"}
{"level":"http","message":"POST /api/profile/complete-profile 400 470 11.930 ms","timestamp":"2026-05-31T02:24:59.403Z"}
{"level":"http","message":"GET /api/auth/me 200 170 124.127 ms","timestamp":"2026-05-31T03:26:47.009Z"}
{"level":"http","message":"GET /api/applications 304 - 1.589 ms","timestamp":"2026-05-31T03:26:47.061Z"}
{"level":"http","message":"GET /api/jobs/all 304 - 189.577 ms","timestamp":"2026-05-31T03:26:47.083Z"}
{"level":"http","message":"POST /api/profile/complete-profile 400 233 11.127 ms","timestamp":"2026-05-31T03:29:03.640Z"}
{"level":"http","message":"POST /api/profile/complete-profile 400 233 6.300 ms","timestamp":"2026-05-31T03:29:14.747Z"}
{"level":"http","message":"POST /api/profile/complete-profile 400 233 15.489 ms","timestamp":"2026-05-31T03:30:41.163Z"}
{"level":"http","message":"POST /api/profile/complete-profile 400 233 6.668 ms","timestamp":"2026-05-31T03:32:04.464Z"}
{"level":"http","message":"POST /api/profile/complete-profile 200 789 122.176 ms","timestamp":"2026-05-31T03:34:44.908Z"}
{"level":"http","message":"GET /api/applications 304 - 1.404 ms","timestamp":"2026-05-31T03:34:44.934Z"}
{"level":"http","message":"GET /api/users/applications 200 11 1.549 ms","timestamp":"2026-05-31T03:35:43.972Z"}
{"level":"http","message":"POST /api/users/update-resume 200 11 0.709 ms","timestamp":"2026-05-31T03:35:58.910Z"}
{"level":"http","message":"GET /api/users/applications 304 - 3.818 ms","timestamp":"2026-05-31T03:47:01.590Z"}
{"level":"http","message":"POST /api/upload/resume 200 959 6612.601 ms","timestamp":"2026-05-31T03:47:53.068Z"}
{"level":"http","message":"POST /api/upload/resume 200 959 6367.909 ms","timestamp":"2026-05-31T03:48:13.177Z"}
{"level":"http","message":"POST /api/upload/resume 200 974 5956.319 ms","timestamp":"2026-05-31T03:49:33.038Z"}
{"level":"http","message":"GET /api/auth/me 200 169 42.264 ms","timestamp":"2026-05-31T03:53:01.585Z"}
{"level":"http","message":"GET /api/applications/my-applications 200 81 39.663 ms","timestamp":"2026-05-31T03:53:01.595Z"}
{"level":"http","message":"GET /api/jobs/all 304 - 85.094 ms","timestamp":"2026-05-31T03:53:01.633Z"}
{"level":"http","message":"GET /api/users/applications 304 - 1.237 ms","timestamp":"2026-05-31T03:53:01.771Z"}
{"level":"http","message":"GET /api/applications/my-applications 304 - 11.776 ms","timestamp":"2026-05-31T03:53:01.773Z"}
{"level":"http","message":"GET /api/users/applications 304 - 1.790 ms","timestamp":"2026-05-31T03:58:05.735Z"}
{"level":"http","message":"GET /api/auth/me 304 - 94.130 ms","timestamp":"2026-05-31T03:58:14.113Z"}
{"level":"http","message":"GET /api/jobs/all 304 - 81.152 ms","timestamp":"2026-05-31T03:58:14.118Z"}
{"level":"http","message":"GET /api/applications/my-applications 304 - 8.330 ms","timestamp":"2026-05-31T03:58:14.250Z"}
{"level":"http","message":"GET /api/users/applications 304 - 1.039 ms","timestamp":"2026-05-31T03:58:15.982Z"}
{"level":"http","message":"POST /api/upload/resume 200 974 7750.800 ms","timestamp":"2026-05-31T03:58:34.846Z"}
{"level":"http","message":"GET /api/applications/my-applications 304 - 20.999 ms","timestamp":"2026-05-31T03:58:34.903Z"}
{"level":"http","message":"GET /api/jobs/69d9dec5e01888daca134226 200 569 17.151 ms","timestamp":"2026-05-31T04:00:23.844Z"}
{"level":"http","message":"GET /api/auth/me 304 - 14.235 ms","timestamp":"2026-05-31T04:02:45.548Z"}
{"level":"http","message":"GET /api/jobs/all 304 - 50.736 ms","timestamp":"2026-05-31T04:02:45.592Z"}
{"level":"http","message":"GET /api/jobs/apply/69d9dec5e01888daca134226 200 11 1.128 ms","timestamp":"2026-05-31T04:02:45.750Z"}
{"level":"http","message":"GET /api/applications/my-applications 304 - 8.388 ms","timestamp":"2026-05-31T04:02:45.760Z"}
{"level":"http","message":"GET /api/auth/me 304 - 46.831 ms","timestamp":"2026-05-31T04:02:53.273Z"}
{"level":"http","message":"GET /api/jobs/all 304 - 50.160 ms","timestamp":"2026-05-31T04:02:53.282Z"}
{"level":"http","message":"GET /api/applications/my-applications 304 - 11.456 ms","timestamp":"2026-05-31T04:02:53.502Z"}
{"level":"http","message":"GET /api/jobs/apply/69d9dec5e01888daca134226 304 - 0.626 ms","timestamp":"2026-05-31T04:02:57.055Z"}
{"level":"http","message":"GET /api/auth/me 304 - 28.312 ms","timestamp":"2026-05-31T04:09:10.565Z"}
{"level":"http","message":"GET /api/jobs/all 304 - 26.032 ms","timestamp":"2026-05-31T04:09:10.567Z"}
{"level":"http","message":"GET /api/jobs/69d9dec5e01888daca134226 304 - 8.097 ms","timestamp":"2026-05-31T04:09:10.765Z"}
{"level":"http","message":"GET /api/applications/my-applications 304 - 7.115 ms","timestamp":"2026-05-31T04:09:10.769Z"}
{"level":"http","message":"GET /api/users/applications 304 - 0.770 ms","timestamp":"2026-05-31T04:09:20.964Z"}
{"level":"http","message":"GET /api/jobs/69d9dec5e01888daca134226 304 - 5.577 ms","timestamp":"2026-05-31T04:11:10.971Z"}
{"level":"http","message":"GET /api/users/applications 304 - 0.244 ms","timestamp":"2026-05-31T04:11:47.877Z"}
{"level":"http","message":"GET /api/users/applications 304 - 1.478 ms","timestamp":"2026-05-31T04:14:58.030Z"}
{"level":"http","message":"GET /api/auth/me 304 - 149.127 ms","timestamp":"2026-05-31T04:15:08.684Z"}
{"level":"http","message":"GET /api/applications/my-applications 304 - 12.558 ms","timestamp":"2026-05-31T04:15:08.735Z"}
{"level":"http","message":"GET /api/jobs/all 304 - 124.664 ms","timestamp":"2026-05-31T04:15:08.737Z"}
{"level":"http","message":"GET /api/users/applications 304 - 0.995 ms","timestamp":"2026-05-31T04:15:09.838Z"}
{"level":"http","message":"GET /api/auth/me 304 - 121.221 ms","timestamp":"2026-05-31T04:16:03.466Z"}
{"level":"http","message":"GET /api/jobs/all 304 - 123.791 ms","timestamp":"2026-05-31T04:16:03.472Z"}
{"level":"http","message":"GET /api/applications/my-applications 500 56 7.776 ms","timestamp":"2026-05-31T04:16:03.529Z"}
{"level":"http","message":"GET /api/users/applications 304 - 1.533 ms","timestamp":"2026-05-31T04:16:04.112Z"}
{"level":"http","message":"GET /api/auth/me 304 - 147.481 ms","timestamp":"2026-05-31T04:20:24.260Z"}
{"level":"http","message":"GET /api/applications/my-applications 500 63 13.029 ms","timestamp":"2026-05-31T04:20:24.334Z"}
{"level":"http","message":"GET /api/jobs/all 304 - 223.184 ms","timestamp":"2026-05-31T04:20:24.339Z"}
{"level":"http","message":"GET /api/users/applications 304 - 1.233 ms","timestamp":"2026-05-31T04:20:24.705Z"}
{"level":"http","message":"GET /api/auth/me 304 - 120.948 ms","timestamp":"2026-05-31T04:39:49.314Z"}
{"level":"http","message":"GET /api/applications/my-applications 500 63 10.681 ms","timestamp":"2026-05-31T04:39:49.366Z"}
{"level":"http","message":"GET /api/jobs/all 304 - 159.040 ms","timestamp":"2026-05-31T04:39:49.401Z"}
{"level":"http","message":"GET /api/users/applications 304 - 3.303 ms","timestamp":"2026-05-31T04:39:50.929Z"}
{"level":"http","message":"POST /api/upload/resume 200 974 8572.650 ms","timestamp":"2026-05-31T04:40:07.733Z"}
{"level":"http","message":"GET /api/applications/my-applications 500 63 13.284 ms","timestamp":"2026-05-31T04:40:07.767Z"}
{"level":"http","message":"GET /api/auth/me 304 - 65.714 ms","timestamp":"2026-05-31T04:43:36.257Z"}
{"level":"http","message":"GET /api/jobs/all 304 - 104.044 ms","timestamp":"2026-05-31T04:43:36.311Z"}
{"level":"http","message":"GET /api/applications/my-applications 500 63 11.621 ms","timestamp":"2026-05-31T04:43:36.452Z"}
{"level":"http","message":"GET /api/users/applications 304 - 3.404 ms","timestamp":"2026-05-31T04:43:37.143Z"}
{"level":"http","message":"GET /api/auth/me 304 - 106.126 ms","timestamp":"2026-05-31T04:44:52.225Z"}
{"level":"http","message":"GET /api/jobs/all 304 - 127.861 ms","timestamp":"2026-05-31T04:44:52.247Z"}
{"level":"http","message":"GET /api/applications/my-applications 500 63 13.681 ms","timestamp":"2026-05-31T04:44:52.409Z"}
{"level":"http","message":"GET /api/users/applications 304 - 1.878 ms","timestamp":"2026-05-31T04:44:52.897Z"}
{"level":"http","message":"GET /api/auth/me 304 - 176.571 ms","timestamp":"2026-05-31T04:47:00.178Z"}
{"level":"http","message":"GET /api/jobs/all 304 - 166.933 ms","timestamp":"2026-05-31T04:47:00.187Z"}
{"level":"http","message":"GET /api/applications/my-applications 500 63 12.727 ms","timestamp":"2026-05-31T04:47:00.242Z"}
{"level":"http","message":"GET /api/users/applications 304 - 1.392 ms","timestamp":"2026-05-31T04:47:01.428Z"}
{"level":"http","message":"GET /api/applications/my-applications 500 63 11.211 ms","timestamp":"2026-05-31T04:48:43.523Z"}
{"level":"http","message":"GET /api/auth/me 304 - 75.053 ms","timestamp":"2026-05-31T04:48:50.038Z"}
{"level":"http","message":"GET /api/jobs/all 304 - 65.102 ms","timestamp":"2026-05-31T04:48:50.042Z"}
{"level":"http","message":"GET /api/applications/my-applications 500 63 7.346 ms","timestamp":"2026-05-31T04:48:50.197Z"}
{"level":"http","message":"GET /api/applications/my-applications 500 63 9.960 ms","timestamp":"2026-05-31T04:48:50.713Z"}
{"level":"http","message":"GET /api/auth/me 304 - 57.993 ms","timestamp":"2026-05-31T04:50:09.563Z"}
{"level":"http","message":"GET /api/jobs/all 304 - 52.372 ms","timestamp":"2026-05-31T04:50:09.569Z"}
{"level":"http","message":"GET /api/applications/my-applications 500 63 11.065 ms","timestamp":"2026-05-31T04:50:09.773Z"}
{"level":"http","message":"GET /api/applications/my-applications 500 63 7.794 ms","timestamp":"2026-05-31T04:50:10.448Z"}
{"level":"http","message":"GET /api/auth/me 304 - 110.031 ms","timestamp":"2026-05-31T04:50:32.889Z"}
{"level":"http","message":"GET /api/jobs/all 304 - 105.789 ms","timestamp":"2026-05-31T04:50:32.895Z"}
{"level":"http","message":"GET /api/applications/my-applications 200 34 17.209 ms","timestamp":"2026-05-31T04:50:33.020Z"}
{"level":"http","message":"GET /api/applications/my-applications 304 - 13.685 ms","timestamp":"2026-05-31T04:50:34.319Z"}
{"level":"http","message":"GET /api/auth/me 304 - 67.038 ms","timestamp":"2026-05-31T04:52:17.136Z"}
{"level":"http","message":"GET /api/jobs/all 304 - 58.424 ms","timestamp":"2026-05-31T04:52:17.146Z"}
{"level":"http","message":"GET /api/applications/my-applications 304 - 15.981 ms","timestamp":"2026-05-31T04:52:17.353Z"}
{"level":"http","message":"GET /api/jobs/69d9dec5e01888daca134226 304 - 14.861 ms","timestamp":"2026-05-31T04:52:36.923Z"}
{"level":"http","message":"POST /api/upload/resume 200 974 5740.472 ms","timestamp":"2026-05-31T04:52:56.831Z"}
{"level":"http","message":"GET /api/applications/my-applications 304 - 11.858 ms","timestamp":"2026-05-31T04:52:56.866Z"}
{"level":"http","message":"GET /api/jobs/69d9dec5e01888daca134226 304 - 6.117 ms","timestamp":"2026-05-31T04:53:02.520Z"}
{"level":"http","message":"POST /api/applications/apply/69d9dec5e01888daca134226 201 244 76.978 ms","timestamp":"2026-05-31T04:53:04.312Z"}
{"level":"http","message":"GET /api/auth/me 304 - 42.102 ms","timestamp":"2026-05-31T04:53:21.525Z"}
{"level":"http","message":"GET /api/jobs/all 304 - 41.168 ms","timestamp":"2026-05-31T04:53:21.528Z"}
{"level":"http","message":"GET /api/applications/my-applications 200 326 21.697 ms","timestamp":"2026-05-31T04:53:21.747Z"}
{"level":"http","message":"GET /api/auth/me 200 995 112.422 ms","timestamp":"2026-05-31T04:56:09.706Z"}
{"level":"http","message":"GET /api/applications/my-applications 304 - 87.296 ms","timestamp":"2026-05-31T04:56:09.711Z"}
{"level":"http","message":"GET /api/jobs/all 304 - 151.542 ms","timestamp":"2026-05-31T04:56:09.766Z"}
{"level":"http","message":"GET /api/applications/my-applications 304 - 9.828 ms","timestamp":"2026-05-31T04:56:09.846Z"}
{"level":"http","message":"GET /api/jobs/69d9dec5e01888daca134226 304 - 13.320 ms","timestamp":"2026-05-31T04:56:34.331Z"}
{"level":"http","message":"GET /api/auth/me 304 - 90.007 ms","timestamp":"2026-05-31T05:06:47.258Z"}
{"level":"http","message":"GET /api/jobs/all 304 - 91.824 ms","timestamp":"2026-05-31T05:06:47.289Z"}
{"level":"http","message":"GET /api/applications/my-applications 304 - 26.944 ms","timestamp":"2026-05-31T05:06:47.297Z"}
{"level":"http","message":"GET /api/jobs/69d9dec5e01888daca134226 304 - 4.642 ms","timestamp":"2026-05-31T05:08:06.292Z"}
{"level":"http","message":"GET /api/jobs/6a1b04ef36fa2e21388aec4a 200 487 4.117 ms","timestamp":"2026-05-31T05:08:26.998Z"}
{"level":"http","message":"GET /api/auth/me 304 - 146.567 ms","timestamp":"2026-05-31T05:15:58.603Z"}
{"level":"http","message":"GET /api/jobs/all 304 - 196.758 ms","timestamp":"2026-05-31T05:15:58.615Z"}
{"level":"http","message":"GET /api/applications/my-applications 304 - 31.595 ms","timestamp":"2026-05-31T05:15:58.651Z"}
{"level":"http","message":"GET /api/jobs/6a1b04ef36fa2e21388aec4a 200 534 13.953 ms","timestamp":"2026-05-31T05:15:58.688Z"}
{"level":"http","message":"GET /api/auth/me 304 - 91.783 ms","timestamp":"2026-05-31T05:16:43.017Z"}
{"level":"http","message":"GET /api/jobs/all 304 - 91.492 ms","timestamp":"2026-05-31T05:16:43.024Z"}
{"level":"http","message":"GET /api/jobs/6a1b04ef36fa2e21388aec4a 304 - 26.333 ms","timestamp":"2026-05-31T05:16:43.062Z"}
{"level":"http","message":"GET /api/applications/my-applications 304 - 38.919 ms","timestamp":"2026-05-31T05:16:43.067Z"}
{"level":"http","message":"GET /api/jobs/69d9dec5e01888daca134226 200 617 12.676 ms","timestamp":"2026-05-31T05:16:52.112Z"}
{"level":"http","message":"GET /api/jobs/6a1b04ef36fa2e21388aec4a 304 - 9.850 ms","timestamp":"2026-05-31T05:16:57.371Z"}
{"level":"http","message":"POST /api/auth/logout 200 11 5.845 ms","timestamp":"2026-05-31T05:17:53.946Z"}
{"level":"http","message":"POST /api/auth/signup 201 188 257.752 ms","timestamp":"2026-05-31T05:18:22.882Z"}
{"level":"http","message":"GET /api/company/list-jobs 200 11 2.224 ms","timestamp":"2026-05-31T05:18:26.599Z"}
{"level":"http","message":"POST /api/jobs/create 403 64 27.387 ms","timestamp":"2026-05-31T05:19:03.178Z"}
{"level":"http","message":"POST /api/company/complete-companyProfile 400 289 11.437 ms","timestamp":"2026-05-31T05:19:38.476Z"}
{"level":"http","message":"POST /api/company/complete-companyProfile 201 1284 44.462 ms","timestamp":"2026-05-31T05:19:50.875Z"}
{"level":"http","message":"POST /api/jobs/create 500 49 17.205 ms","timestamp":"2026-05-31T05:20:21.956Z"}
{"level":"http","message":"GET /api/auth/me 200 1436 315.924 ms","timestamp":"2026-05-31T06:21:23.656Z"}
{"level":"http","message":"GET /api/jobs/all 304 - 405.008 ms","timestamp":"2026-05-31T06:21:23.814Z"}
{"level":"http","message":"GET /api/auth/me 401 63 57.302 ms","timestamp":"2026-06-01T02:19:58.436Z"}
{"level":"http","message":"GET /api/jobs/all 200 1870 430.204 ms","timestamp":"2026-06-01T02:19:58.885Z"}
{"level":"http","message":"POST /api/auth/login 200 183 352.771 ms","timestamp":"2026-06-01T02:20:39.878Z"}
{"level":"http","message":"GET /api/applications/my-applications 200 326 88.171 ms","timestamp":"2026-06-01T02:20:39.979Z"}
{"level":"http","message":"GET /api/jobs/69df1d8c8e153ff92dd3a9ff 200 821 22.577 ms","timestamp":"2026-06-01T02:20:54.440Z"}
{"level":"http","message":"GET /api/jobs/69d9dec5e01888daca134226 200 617 13.509 ms","timestamp":"2026-06-01T02:21:27.261Z"}
{"level":"http","message":"GET /api/auth/me 401 63 0.621 ms","timestamp":"2026-06-01T02:21:56.772Z"}
{"level":"http","message":"GET /api/jobs/all 200 1870 28.767 ms","timestamp":"2026-06-01T02:21:56.805Z"}
{"level":"http","message":"POST /api/auth/signup 201 190 215.899 ms","timestamp":"2026-06-01T02:22:35.688Z"}
{"level":"http","message":"GET /api/company/list-jobs 200 11 2.464 ms","timestamp":"2026-06-01T02:22:38.398Z"}
{"level":"http","message":"GET /api/company/applicants 200 11 0.924 ms","timestamp":"2026-06-01T02:22:40.961Z"}
{"level":"http","message":"GET /api/applications/company-applications 500 48 144.510 ms","timestamp":"2026-06-01T02:31:16.996Z"}
{"level":"http","message":"GET /api/auth/me 200 188 97.457 ms","timestamp":"2026-06-01T02:31:31.103Z"}
{"level":"http","message":"GET /api/jobs/all 304 - 206.002 ms","timestamp":"2026-06-01T02:31:31.226Z"}
{"level":"http","message":"GET /api/applications/company-applications 500 48 13.531 ms","timestamp":"2026-06-01T02:31:31.261Z"}
{"level":"http","message":"GET /api/applications/company-applications 500 48 15.602 ms","timestamp":"2026-06-01T02:31:42.072Z"}
{"level":"http","message":"POST /api/company/complete-companyProfile 201 1280 151.365 ms","timestamp":"2026-06-01T02:32:51.486Z"}
{"level":"http","message":"GET /api/applications/company-applications 500 48 8.973 ms","timestamp":"2026-06-01T02:32:56.825Z"}
{"level":"http","message":"POST /api/jobs/create 400 272 12.808 ms","timestamp":"2026-06-01T02:33:31.658Z"}
{"level":"http","message":"POST /api/jobs/create 201 554 27.733 ms","timestamp":"2026-06-01T02:34:23.312Z"}
{"level":"http","message":"GET /api/company/list-jobs 304 - 3.033 ms","timestamp":"2026-06-01T02:34:24.499Z"}
{"level":"http","message":"GET /api/jobs/all 200 3485 76.900 ms","timestamp":"2026-06-01T02:34:38.837Z"}
{"level":"http","message":"GET /api/auth/me 200 1434 89.289 ms","timestamp":"2026-06-01T02:34:38.842Z"}
{"level":"http","message":"GET /api/auth/me 200 995 54.481 ms","timestamp":"2026-06-01T02:34:49.468Z"}
{"level":"http","message":"GET /api/jobs/all 200 3485 53.854 ms","timestamp":"2026-06-01T02:34:49.475Z"}
{"level":"http","message":"GET /api/applications/my-applications 304 - 22.890 ms","timestamp":"2026-06-01T02:34:49.564Z"}
{"level":"http","message":"GET /api/jobs/6a1cefafced3b25b638934ef 200 1712 13.791 ms","timestamp":"2026-06-01T02:34:53.078Z"}
{"level":"http","message":"POST /api/applications/apply/6a1cefafced3b25b638934ef 201 244 57.061 ms","timestamp":"2026-06-01T02:34:58.018Z"}
{"level":"http","message":"GET /api/jobs/all 304 - 38.170 ms","timestamp":"2026-06-01T02:35:11.402Z"}
{"level":"http","message":"GET /api/auth/me 304 - 53.705 ms","timestamp":"2026-06-01T02:35:11.408Z"}
{"level":"http","message":"GET /api/applications/company-applications 500 48 11.826 ms","timestamp":"2026-06-01T02:35:25.226Z"}
{"level":"http","message":"GET /api/jobs/all 304 - 101.886 ms","timestamp":"2026-06-01T02:36:13.251Z"}
{"level":"http","message":"GET /api/auth/me 304 - 139.893 ms","timestamp":"2026-06-01T02:36:13.259Z"}
{"level":"http","message":"GET /api/applications/company-applications 500 56 14.931 ms","timestamp":"2026-06-01T02:36:13.313Z"}
{"level":"http","message":"GET /api/auth/me 304 - 126.787 ms","timestamp":"2026-06-01T02:36:31.008Z"}
{"level":"http","message":"GET /api/jobs/all 304 - 89.339 ms","timestamp":"2026-06-01T02:36:31.015Z"}
{"level":"http","message":"GET /api/applications/company-applications 200 333 35.715 ms","timestamp":"2026-06-01T02:36:31.121Z"}
{"level":"http","message":"PATCH /api/applications/update-status/6a1cefd1ced3b25b638934f3 200 267 30.301 ms","timestamp":"2026-06-01T02:36:47.804Z"}
{"level":"http","message":"GET /api/auth/me 304 - 56.630 ms","timestamp":"2026-06-01T02:36:57.513Z"}
{"level":"http","message":"GET /api/jobs/all 304 - 58.393 ms","timestamp":"2026-06-01T02:36:57.520Z"}
{"level":"http","message":"GET /api/applications/my-applications 200 608 23.541 ms","timestamp":"2026-06-01T02:36:57.547Z"}
{"level":"http","message":"POST /api/auth/logout 200 11 4.575 ms","timestamp":"2026-06-01T02:43:27.352Z"}
{"level":"http","message":"POST /api/auth/signup 201 189 228.796 ms","timestamp":"2026-06-01T02:43:57.459Z"}
{"level":"http","message":"GET /api/applications/my-applications 200 34 20.177 ms","timestamp":"2026-06-01T02:43:57.487Z"}
{"level":"http","message":"POST /api/upload/resume 200 531 4722.601 ms","timestamp":"2026-06-01T02:45:39.121Z"}
{"level":"http","message":"POST /api/upload/profile-picture 200 622 1186.436 ms","timestamp":"2026-06-01T02:45:40.315Z"}
{"level":"http","message":"POST /api/upload/resume 200 626 5918.052 ms","timestamp":"2026-06-01T02:49:48.297Z"}
{"level":"http","message":"POST /api/upload/profile-picture 200 637 4425.119 ms","timestamp":"2026-06-01T02:49:52.729Z"}
{"level":"http","message":"POST /api/profile/complete-profile 500 172 69.393 ms","timestamp":"2026-06-01T02:49:52.859Z"}
{"level":"http","message":"POST /api/upload/resume 200 626 5799.049 ms","timestamp":"2026-06-01T02:50:48.017Z"}
{"level":"http","message":"POST /api/upload/profile-picture 200 637 3880.135 ms","timestamp":"2026-06-01T02:50:51.919Z"}
{"level":"http","message":"POST /api/profile/complete-profile 500 172 18.918 ms","timestamp":"2026-06-01T02:50:51.962Z"}
{"level":"http","message":"POST /api/upload/resume 200 626 6451.707 ms","timestamp":"2026-06-01T02:53:49.605Z"}
{"level":"http","message":"POST /api/upload/profile-picture 200 637 6678.884 ms","timestamp":"2026-06-01T02:53:56.296Z"}
{"level":"http","message":"POST /api/profile/complete-profile 200 852 58.326 ms","timestamp":"2026-06-01T02:53:56.405Z"}
{"level":"http","message":"GET /api/applications/my-applications 304 - 31.716 ms","timestamp":"2026-06-01T02:53:56.588Z"}
{"level":"http","message":"GET /api/auth/me 200 1007 153.446 ms","timestamp":"2026-06-01T02:59:20.263Z"}
{"level":"http","message":"GET /api/applications/my-applications 304 - 17.165 ms","timestamp":"2026-06-01T02:59:20.305Z"}
{"level":"http","message":"GET /api/jobs/all 304 - 193.358 ms","timestamp":"2026-06-01T02:59:20.337Z"}
{"level":"http","message":"POST /api/upload/resume 200 1005 7477.303 ms","timestamp":"2026-06-01T03:00:49.558Z"}
{"level":"http","message":"POST /api/upload/profile-picture 200 1010 1682.474 ms","timestamp":"2026-06-01T03:00:51.262Z"}
{"level":"http","message":"POST /api/profile/complete-profile 200 822 52.655 ms","timestamp":"2026-06-01T03:00:51.381Z"}
{"level":"http","message":"GET /api/applications/my-applications 304 - 14.575 ms","timestamp":"2026-06-01T03:00:51.531Z"}
{"level":"http","message":"GET /api/auth/me 200 977 101.061 ms","timestamp":"2026-06-01T03:15:41.337Z"}
{"level":"http","message":"GET /api/jobs/all 304 - 107.451 ms","timestamp":"2026-06-01T03:15:41.365Z"}
{"level":"http","message":"GET /api/applications/my-applications 304 - 23.634 ms","timestamp":"2026-06-01T03:15:41.375Z"}
{"level":"http","message":"POST /api/upload/resume 200 957 4654.825 ms","timestamp":"2026-06-01T03:20:18.149Z"}
{"level":"http","message":"POST /api/upload/profile-picture 200 968 1460.817 ms","timestamp":"2026-06-01T03:20:19.615Z"}
{"level":"http","message":"POST /api/profile/complete-profile 200 821 36.896 ms","timestamp":"2026-06-01T03:20:19.689Z"}
{"level":"http","message":"GET /api/applications/my-applications 304 - 24.418 ms","timestamp":"2026-06-01T03:20:19.737Z"}
{"level":"http","message":"POST /api/upload/resume 200 970 4413.631 ms","timestamp":"2026-06-01T03:25:05.546Z"}
{"level":"http","message":"POST /api/upload/profile-picture 200 977 907.887 ms","timestamp":"2026-06-01T03:25:06.458Z"}
{"level":"http","message":"POST /api/profile/complete-profile 400 270 15.372 ms","timestamp":"2026-06-01T03:25:06.514Z"}
{"level":"http","message":"POST /api/upload/resume 200 970 4697.577 ms","timestamp":"2026-06-01T03:25:23.134Z"}
{"level":"http","message":"POST /api/upload/profile-picture 200 977 1110.575 ms","timestamp":"2026-06-01T03:25:24.249Z"}
{"level":"http","message":"POST /api/profile/complete-profile 200 802 31.989 ms","timestamp":"2026-06-01T03:25:24.288Z"}
{"level":"http","message":"GET /api/applications/my-applications 304 - 18.854 ms","timestamp":"2026-06-01T03:25:24.317Z"}
{"level":"http","message":"GET /api/auth/me 200 957 42.647 ms","timestamp":"2026-06-01T03:28:29.482Z"}
{"level":"http","message":"GET /api/applications/my-applications 304 - 7.694 ms","timestamp":"2026-06-01T03:28:29.507Z"}
{"level":"http","message":"GET /api/jobs/all 304 - 92.297 ms","timestamp":"2026-06-01T03:28:29.535Z"}
{"level":"http","message":"GET /api/auth/me 304 - 29.532 ms","timestamp":"2026-06-01T03:31:12.684Z"}
{"level":"http","message":"GET /api/jobs/all 304 - 29.215 ms","timestamp":"2026-06-01T03:31:12.690Z"}
{"level":"http","message":"GET /api/applications/my-applications 304 - 11.334 ms","timestamp":"2026-06-01T03:31:12.718Z"}
{"level":"http","message":"GET /api/auth/me 304 - 72.645 ms","timestamp":"2026-06-01T03:34:55.591Z"}
{"level":"http","message":"GET /api/jobs/all 304 - 58.199 ms","timestamp":"2026-06-01T03:34:55.596Z"}
{"level":"http","message":"GET /api/applications/my-applications 304 - 13.287 ms","timestamp":"2026-06-01T03:34:55.612Z"}
{"level":"http","message":"GET /api/auth/me 304 - 93.731 ms","timestamp":"2026-06-01T03:35:55.793Z"}
{"level":"http","message":"GET /api/jobs/all 304 - 83.962 ms","timestamp":"2026-06-01T03:35:55.800Z"}
{"level":"http","message":"GET /api/applications/my-applications 304 - 10.779 ms","timestamp":"2026-06-01T03:35:55.817Z"}
{"level":"http","message":"POST /api/upload/resume 200 951 4389.735 ms","timestamp":"2026-06-01T03:42:34.427Z"}
{"level":"http","message":"POST /api/upload/profile-picture 200 956 1176.615 ms","timestamp":"2026-06-01T03:42:35.607Z"}
{"level":"http","message":"POST /api/profile/complete-profile 200 870 25.463 ms","timestamp":"2026-06-01T03:42:35.669Z"}
{"level":"http","message":"GET /api/applications/my-applications 304 - 14.775 ms","timestamp":"2026-06-01T03:42:35.702Z"}
{"level":"http","message":"POST /api/upload/resume 200 1017 4634.827 ms","timestamp":"2026-06-01T03:49:05.194Z"}
{"level":"http","message":"POST /api/upload/profile-picture 200 1022 1752.110 ms","timestamp":"2026-06-01T03:49:06.950Z"}
{"level":"http","message":"POST /api/profile/complete-profile 200 938 27.292 ms","timestamp":"2026-06-01T03:49:07.021Z"}
{"level":"http","message":"GET /api/applications/my-applications 304 - 29.834 ms","timestamp":"2026-06-01T03:49:07.063Z"}
{"level":"http","message":"POST /api/upload/resume 200 1081 4586.682 ms","timestamp":"2026-06-01T03:53:55.702Z"}
{"level":"http","message":"POST /api/upload/profile-picture 200 1088 1163.047 ms","timestamp":"2026-06-01T03:53:56.871Z"}
{"level":"http","message":"POST /api/profile/complete-profile 200 932 39.824 ms","timestamp":"2026-06-01T03:53:56.941Z"}
{"level":"http","message":"GET /api/applications/my-applications 304 - 20.374 ms","timestamp":"2026-06-01T03:53:56.977Z"}
{"level":"http","message":"GET /api/auth/me 200 1087 98.681 ms","timestamp":"2026-06-01T04:02:52.751Z"}
{"level":"http","message":"GET /api/applications/my-applications 304 - 14.170 ms","timestamp":"2026-06-01T04:02:52.782Z"}
{"level":"http","message":"GET /api/jobs/all 304 - 131.952 ms","timestamp":"2026-06-01T04:02:52.800Z"}
{"level":"http","message":"POST /api/upload/resume 200 1077 6387.378 ms","timestamp":"2026-06-01T04:03:52.016Z"}
{"level":"http","message":"POST /api/upload/profile-picture 200 1084 2670.234 ms","timestamp":"2026-06-01T04:03:54.690Z"}
{"level":"http","message":"POST /api/profile/complete-profile 200 959 35.801 ms","timestamp":"2026-06-01T04:03:54.767Z"}
{"level":"http","message":"GET /api/applications/my-applications 304 - 28.230 ms","timestamp":"2026-06-01T04:03:54.827Z"}
{"level":"http","message":"POST /api/upload/resume 200 1078 7064.462 ms","timestamp":"2026-06-01T04:07:41.137Z"}
{"level":"http","message":"POST /api/upload/profile-picture 200 1080 2237.370 ms","timestamp":"2026-06-01T04:07:43.379Z"}
{"level":"http","message":"POST /api/profile/complete-profile 200 913 27.217 ms","timestamp":"2026-06-01T04:07:43.428Z"}
{"level":"http","message":"GET /api/applications/my-applications 304 - 16.039 ms","timestamp":"2026-06-01T04:07:43.454Z"}
{"level":"http","message":"GET /api/auth/me 200 1068 68.800 ms","timestamp":"2026-06-01T04:14:44.765Z"}
{"level":"http","message":"GET /api/applications/my-applications 304 - 16.172 ms","timestamp":"2026-06-01T04:14:44.796Z"}
{"level":"http","message":"GET /api/jobs/all 304 - 99.949 ms","timestamp":"2026-06-01T04:14:44.808Z"}
{"level":"http","message":"POST /api/upload/resume 200 1067 4542.247 ms","timestamp":"2026-06-01T04:15:33.966Z"}
{"level":"http","message":"POST /api/upload/profile-picture 200 1075 2146.330 ms","timestamp":"2026-06-01T04:15:36.116Z"}
{"level":"http","message":"POST /api/profile/complete-profile 200 921 21.928 ms","timestamp":"2026-06-01T04:15:36.165Z"}
{"level":"http","message":"GET /api/applications/my-applications 304 - 16.108 ms","timestamp":"2026-06-01T04:15:36.195Z"}
{"level":"http","message":"GET /api/auth/me 200 1076 62.332 ms","timestamp":"2026-06-01T04:42:01.748Z"}
{"level":"http","message":"GET /api/jobs/all 304 - 47.058 ms","timestamp":"2026-06-01T04:42:01.752Z"}
{"level":"http","message":"GET /api/applications/my-applications 304 - 14.881 ms","timestamp":"2026-06-01T04:42:01.817Z"}
{"level":"http","message":"GET /api/auth/me 304 - 73.060 ms","timestamp":"2026-06-01T04:42:40.482Z"}
{"level":"http","message":"GET /api/jobs/all 304 - 69.525 ms","timestamp":"2026-06-01T04:42:40.487Z"}
{"level":"http","message":"GET /api/applications/my-applications 304 - 11.009 ms","timestamp":"2026-06-01T04:42:40.599Z"}
{"level":"http","message":"GET /api/auth/me 304 - 67.684 ms","timestamp":"2026-06-01T05:02:55.376Z"}
{"level":"http","message":"GET /api/applications/my-applications 304 - 11.707 ms","timestamp":"2026-06-01T05:02:55.398Z"}
{"level":"http","message":"GET /api/jobs/all 304 - 90.875 ms","timestamp":"2026-06-01T05:02:55.414Z"}
{"level":"http","message":"GET /api/auth/me 304 - 33.943 ms","timestamp":"2026-06-01T05:03:09.400Z"}
{"level":"http","message":"GET /api/jobs/all 304 - 33.345 ms","timestamp":"2026-06-01T05:03:09.406Z"}
{"level":"http","message":"GET /api/applications/my-applications 304 - 10.082 ms","timestamp":"2026-06-01T05:03:09.451Z"}
{"level":"http","message":"GET /api/jobs/all 304 - 28.352 ms","timestamp":"2026-06-01T05:03:36.734Z"}
{"level":"http","message":"GET /api/auth/me 304 - 43.098 ms","timestamp":"2026-06-01T05:03:36.738Z"}
{"level":"http","message":"GET /api/jobs/all 200 3485 30.682 ms","timestamp":"2026-06-01T05:03:56.352Z"}
{"level":"http","message":"GET /api/auth/me 200 1434 39.939 ms","timestamp":"2026-06-01T05:03:56.355Z"}
{"level":"http","message":"GET /api/jobs/all 304 - 29.017 ms","timestamp":"2026-06-01T05:04:07.304Z"}
{"level":"http","message":"GET /api/auth/me 304 - 45.302 ms","timestamp":"2026-06-01T05:04:07.308Z"}
{"level":"http","message":"GET /api/jobs/all 304 - 21.870 ms","timestamp":"2026-06-01T05:04:11.122Z"}
{"level":"http","message":"GET /api/auth/me 304 - 32.933 ms","timestamp":"2026-06-01T05:04:11.125Z"}
{"level":"http","message":"GET /api/auth/me 304 - 90.207 ms","timestamp":"2026-06-01T05:15:38.201Z"}
{"level":"http","message":"GET /api/applications/my-applications 304 - 31.916 ms","timestamp":"2026-06-01T05:15:38.247Z"}
{"level":"http","message":"GET /api/jobs/all 304 - 129.517 ms","timestamp":"2026-06-01T05:15:38.275Z"}
{"level":"http","message":"GET /api/auth/me 200 1076 35.347 ms","timestamp":"2026-06-01T05:15:43.541Z"}
{"level":"http","message":"GET /api/jobs/all 200 3485 38.325 ms","timestamp":"2026-06-01T05:15:43.550Z"}
{"level":"http","message":"GET /api/applications/my-applications 200 34 10.925 ms","timestamp":"2026-06-01T05:15:43.584Z"}
{"level":"http","message":"GET /api/auth/me 304 - 33.411 ms","timestamp":"2026-06-01T05:16:50.703Z"}
{"level":"http","message":"GET /api/jobs/all 304 - 33.597 ms","timestamp":"2026-06-01T05:16:50.707Z"}
{"level":"http","message":"GET /api/applications/my-applications 304 - 10.552 ms","timestamp":"2026-06-01T05:16:50.918Z"}
{"level":"http","message":"GET /api/jobs/all 304 - 33.890 ms","timestamp":"2026-06-01T05:17:08.015Z"}
{"level":"http","message":"GET /api/auth/me 304 - 44.766 ms","timestamp":"2026-06-01T05:17:08.022Z"}
{"level":"http","message":"GET /api/jobs/all 200 3485 25.434 ms","timestamp":"2026-06-01T05:17:19.478Z"}
{"level":"http","message":"GET /api/auth/me 200 1434 33.868 ms","timestamp":"2026-06-01T05:17:19.482Z"}
{"level":"http","message":"GET /api/auth/me 304 - 29.497 ms","timestamp":"2026-06-01T05:17:27.159Z"}
{"level":"http","message":"GET /api/jobs/all 304 - 26.858 ms","timestamp":"2026-06-01T05:17:27.163Z"}
{"level":"http","message":"GET /api/jobs/all 304 - 26.906 ms","timestamp":"2026-06-01T05:17:30.528Z"}
{"level":"http","message":"GET /api/auth/me 304 - 36.424 ms","timestamp":"2026-06-01T05:17:30.533Z"}
{"level":"http","message":"GET /api/auth/me 304 - 62.068 ms","timestamp":"2026-06-01T05:25:57.316Z"}
{"level":"http","message":"GET /api/jobs/all 304 - 44.899 ms","timestamp":"2026-06-01T05:25:57.323Z"}
{"level":"http","message":"GET /api/jobs/all 304 - 25.925 ms","timestamp":"2026-06-01T05:26:00.266Z"}
{"level":"http","message":"GET /api/auth/me 304 - 38.180 ms","timestamp":"2026-06-01T05:26:00.269Z"}
{"level":"http","message":"GET /api/jobs/all 200 3485 31.662 ms","timestamp":"2026-06-01T05:26:11.117Z"}
{"level":"http","message":"GET /api/auth/me 200 1434 39.785 ms","timestamp":"2026-06-01T05:26:11.120Z"}
{"level":"http","message":"GET /api/jobs/all 304 - 27.127 ms","timestamp":"2026-06-01T05:26:18.563Z"}
{"level":"http","message":"GET /api/auth/me 304 - 36.399 ms","timestamp":"2026-06-01T05:26:18.565Z"}
{"level":"http","message":"GET /api/jobs/all 304 - 25.678 ms","timestamp":"2026-06-01T05:26:21.872Z"}
{"level":"http","message":"GET /api/auth/me 304 - 39.024 ms","timestamp":"2026-06-01T05:26:21.878Z"}
{"level":"http","message":"GET /api/auth/me 304 - 71.559 ms","timestamp":"2026-06-01T05:33:21.934Z"}
{"level":"http","message":"GET /api/jobs/all 304 - 78.819 ms","timestamp":"2026-06-01T05:33:21.962Z"}
{"level":"http","message":"GET /api/jobs/all 200 3485 23.550 ms","timestamp":"2026-06-01T05:33:29.823Z"}
{"level":"http","message":"GET /api/auth/me 200 1434 31.671 ms","timestamp":"2026-06-01T05:33:29.827Z"}
{"level":"http","message":"GET /api/jobs/all 304 - 25.552 ms","timestamp":"2026-06-01T05:33:37.006Z"}
{"level":"http","message":"GET /api/auth/me 304 - 43.732 ms","timestamp":"2026-06-01T05:33:37.011Z"}
{"level":"http","message":"GET /api/jobs/all 304 - 90.652 ms","timestamp":"2026-06-01T05:33:40.356Z"}
{"level":"http","message":"GET /api/auth/me 304 - 100.599 ms","timestamp":"2026-06-01T05:33:40.361Z"}
{"level":"http","message":"GET /api/auth/me 200 1434 108.955 ms","timestamp":"2026-06-01T05:51:11.325Z"}
{"level":"http","message":"GET /api/jobs/all 200 3485 189.886 ms","timestamp":"2026-06-01T05:51:11.426Z"}
{"level":"http","message":"GET /api/jobs/all 200 3485 37.475 ms","timestamp":"2026-06-01T05:51:19.929Z"}
{"level":"http","message":"GET /api/auth/me 200 1434 51.427 ms","timestamp":"2026-06-01T05:51:19.939Z"}
{"level":"http","message":"GET /api/jobs/all 304 - 35.821 ms","timestamp":"2026-06-01T05:51:27.801Z"}
{"level":"http","message":"GET /api/auth/me 304 - 47.435 ms","timestamp":"2026-06-01T05:51:27.804Z"}
{"level":"http","message":"GET /api/auth/me 304 - 28.549 ms","timestamp":"2026-06-01T05:51:31.037Z"}
{"level":"http","message":"GET /api/jobs/all 304 - 29.119 ms","timestamp":"2026-06-01T05:51:31.041Z"}
{"level":"http","message":"GET /api/auth/me 304 - 64.233 ms","timestamp":"2026-06-01T05:56:24.385Z"}
{"level":"http","message":"GET /api/jobs/all 304 - 53.134 ms","timestamp":"2026-06-01T05:56:24.393Z"}
{"level":"http","message":"GET /api/jobs/all 200 3485 33.945 ms","timestamp":"2026-06-01T05:56:34.449Z"}
{"level":"http","message":"GET /api/auth/me 200 1434 45.395 ms","timestamp":"2026-06-01T05:56:34.453Z"}
{"level":"http","message":"GET /api/jobs/all 304 - 29.280 ms","timestamp":"2026-06-01T05:56:41.928Z"}
{"level":"http","message":"GET /api/auth/me 304 - 38.866 ms","timestamp":"2026-06-01T05:56:41.933Z"}
{"level":"http","message":"GET /api/jobs/all 304 - 43.893 ms","timestamp":"2026-06-01T05:56:45.327Z"}
{"level":"http","message":"GET /api/auth/me 304 - 56.580 ms","timestamp":"2026-06-01T05:56:45.334Z"}
{"level":"http","message":"GET /api/auth/me 200 1434 83.636 ms","timestamp":"2026-06-01T06:02:23.343Z"}
{"level":"http","message":"GET /api/jobs/all 200 3485 127.609 ms","timestamp":"2026-06-01T06:02:23.410Z"}
{"level":"http","message":"GET /api/auth/me 304 - 45.969 ms","timestamp":"2026-06-01T06:03:24.842Z"}
{"level":"http","message":"GET /api/jobs/all 304 - 39.897 ms","timestamp":"2026-06-01T06:03:24.847Z"}
{"level":"http","message":"GET /api/jobs/all 200 3485 30.705 ms","timestamp":"2026-06-01T06:03:33.974Z"}
{"level":"http","message":"GET /api/auth/me 200 1434 41.880 ms","timestamp":"2026-06-01T06:03:33.978Z"}
{"level":"http","message":"GET /api/auth/me 304 - 34.478 ms","timestamp":"2026-06-01T06:03:41.887Z"}
{"level":"http","message":"GET /api/jobs/all 304 - 35.247 ms","timestamp":"2026-06-01T06:03:41.894Z"}
{"level":"http","message":"GET /api/jobs/all 304 - 32.913 ms","timestamp":"2026-06-01T06:03:45.336Z"}
{"level":"http","message":"GET /api/auth/me 304 - 41.096 ms","timestamp":"2026-06-01T06:03:45.340Z"}
{"level":"http","message":"GET /api/jobs/all 304 - 25.976 ms","timestamp":"2026-06-01T06:04:42.422Z"}
{"level":"http","message":"GET /api/auth/me 304 - 32.282 ms","timestamp":"2026-06-01T06:04:42.424Z"}
{"level":"http","message":"GET /api/jobs/all 200 3485 29.655 ms","timestamp":"2026-06-01T06:04:49.170Z"}
{"level":"http","message":"GET /api/auth/me 200 1434 37.075 ms","timestamp":"2026-06-01T06:04:49.172Z"}
{"level":"http","message":"GET /api/jobs/all 304 - 33.458 ms","timestamp":"2026-06-01T06:04:56.863Z"}
{"level":"http","message":"GET /api/auth/me 304 - 48.911 ms","timestamp":"2026-06-01T06:04:56.867Z"}
{"level":"http","message":"GET /api/jobs/all 304 - 25.973 ms","timestamp":"2026-06-01T06:05:00.308Z"}
{"level":"http","message":"GET /api/auth/me 304 - 34.441 ms","timestamp":"2026-06-01T06:05:00.313Z"}
{"level":"http","message":"GET /api/jobs/all 304 - 29.034 ms","timestamp":"2026-06-01T06:06:22.284Z"}
{"level":"http","message":"GET /api/auth/me 304 - 45.954 ms","timestamp":"2026-06-01T06:06:22.290Z"}
{"level":"http","message":"GET /api/jobs/all 200 3485 21.703 ms","timestamp":"2026-06-01T06:06:38.001Z"}
{"level":"http","message":"GET /api/auth/me 200 1434 34.452 ms","timestamp":"2026-06-01T06:06:38.004Z"}
{"level":"http","message":"GET /api/jobs/all 304 - 29.124 ms","timestamp":"2026-06-01T06:06:45.441Z"}
{"level":"http","message":"GET /api/auth/me 304 - 38.331 ms","timestamp":"2026-06-01T06:06:45.445Z"}
{"level":"http","message":"GET /api/jobs/all 304 - 25.786 ms","timestamp":"2026-06-01T06:06:48.897Z"}
{"level":"http","message":"GET /api/auth/me 304 - 33.874 ms","timestamp":"2026-06-01T06:06:48.902Z"}
{"level":"http","message":"GET /api/auth/me 200 1434 80.148 ms","timestamp":"2026-06-01T06:19:46.590Z"}
{"level":"http","message":"GET /api/jobs/all 200 3485 113.345 ms","timestamp":"2026-06-01T06:19:46.641Z"}
{"level":"http","message":"GET /api/jobs/all 304 - 19.921 ms","timestamp":"2026-06-01T06:19:52.939Z"}
{"level":"http","message":"GET /api/auth/me 304 - 30.902 ms","timestamp":"2026-06-01T06:19:52.941Z"}
{"level":"http","message":"GET /api/jobs/all 304 - 17.877 ms","timestamp":"2026-06-01T06:19:56.253Z"}
{"level":"http","message":"GET /api/auth/me 304 - 27.504 ms","timestamp":"2026-06-01T06:19:56.262Z"}
{"level":"http","message":"GET /api/auth/me 401 63 29.922 ms","timestamp":"2026-06-01T10:57:10.363Z"}
{"level":"http","message":"GET /api/jobs/all 200 3485 322.103 ms","timestamp":"2026-06-01T10:57:10.701Z"}
{"level":"http","message":"GET /api/auth/me 401 63 0.848 ms","timestamp":"2026-06-01T10:57:24.080Z"}
{"level":"http","message":"GET /api/jobs/all 200 3485 28.915 ms","timestamp":"2026-06-01T10:57:24.112Z"}
{"level":"http","message":"GET /api/auth/me 401 63 0.660 ms","timestamp":"2026-06-01T10:57:30.441Z"}
{"level":"http","message":"GET /api/jobs/all 304 - 35.136 ms","timestamp":"2026-06-01T10:57:30.483Z"}
{"level":"http","message":"GET /api/auth/me 401 63 0.621 ms","timestamp":"2026-06-01T10:57:33.880Z"}
{"level":"http","message":"GET /api/jobs/all 304 - 26.726 ms","timestamp":"2026-06-01T10:57:33.909Z"}
{"level":"http","message":"GET /api/auth/me 200 995 164.923 ms","timestamp":"2026-06-01T11:00:17.118Z"}
{"level":"http","message":"GET /api/jobs/all 200 3485 112.661 ms","timestamp":"2026-06-01T11:00:17.125Z"}
{"level":"http","message":"GET /api/auth/me 401 63 0.569 ms","timestamp":"2026-06-01T11:01:08.561Z"}
{"level":"http","message":"GET /api/jobs/all 304 - 23.357 ms","timestamp":"2026-06-01T11:01:08.589Z"}
{"level":"http","message":"GET /api/auth/me 401 63 4.236 ms","timestamp":"2026-06-01T11:01:33.481Z"}
{"level":"http","message":"GET /api/jobs/all 304 - 71.840 ms","timestamp":"2026-06-01T11:01:33.560Z"}
{"level":"http","message":"GET /api/auth/me 401 63 1.438 ms","timestamp":"2026-06-01T11:02:02.982Z"}
{"level":"http","message":"GET /api/jobs/all 200 3485 31.239 ms","timestamp":"2026-06-01T11:02:03.017Z"}
{"level":"http","message":"GET /api/auth/me 401 63 0.602 ms","timestamp":"2026-06-01T11:02:09.324Z"}
{"level":"http","message":"GET /api/jobs/all 200 3485 17.428 ms","timestamp":"2026-06-01T11:02:09.347Z"}
{"level":"http","message":"GET /api/auth/me 401 63 4.622 ms","timestamp":"2026-06-01T11:05:27.856Z"}
{"level":"http","message":"GET /api/jobs/all 200 3485 84.395 ms","timestamp":"2026-06-01T11:05:27.944Z"}
{"level":"http","message":"GET /api/auth/me 401 63 4.300 ms","timestamp":"2026-06-01T11:06:53.039Z"}
{"level":"http","message":"GET /api/jobs/all 200 3485 36.679 ms","timestamp":"2026-06-01T11:06:53.085Z"}
